#! /usr/bin/vvp
:ivl_version "12.0 (stable)";
:ivl_delay_selection "TYPICAL";
:vpi_time_precision + 0;
:vpi_module "/usr/lib/x86_64-linux-gnu/ivl/system.vpi";
:vpi_module "/usr/lib/x86_64-linux-gnu/ivl/vhdl_sys.vpi";
:vpi_module "/usr/lib/x86_64-linux-gnu/ivl/vhdl_textio.vpi";
:vpi_module "/usr/lib/x86_64-linux-gnu/ivl/v2005_math.vpi";
:vpi_module "/usr/lib/x86_64-linux-gnu/ivl/va_math.vpi";
S_0x5fc11e782f50 .scope module, "tb_m16_counter" "tb_m16_counter" 2 19;
 .timescale 0 0;
v0x5fc11e795d00_0 .var "clk", 0 0;
v0x5fc11e795dd0_0 .net "count", 3 0, v0x5fc11e795a20_0;  1 drivers
v0x5fc11e795ea0_0 .var "rst", 0 0;
S_0x5fc11e7830e0 .scope module, "uut" "m16_counter" 2 29, 2 1 0, S_0x5fc11e782f50;
 .timescale 0 0;
    .port_info 0 /INPUT 1 "clk";
    .port_info 1 /OUTPUT 4 "count";
    .port_info 2 /INPUT 1 "rst";
v0x5fc11e783310_0 .net "clk", 0 0, v0x5fc11e795d00_0;  1 drivers
v0x5fc11e795a20_0 .var "count", 3 0;
v0x5fc11e795b00_0 .net "rst", 0 0, v0x5fc11e795ea0_0;  1 drivers
v0x5fc11e795ba0_0 .var "temp", 3 0;
E_0x5fc11e749f80 .event posedge, v0x5fc11e783310_0;
    .scope S_0x5fc11e7830e0;
T_0 ;
    %wait E_0x5fc11e749f80;
    %load/vec4 v0x5fc11e795b00_0;
    %flag_set/vec4 8;
    %jmp/0xz  T_0.0, 8;
    %pushi/vec4 0, 0, 4;
    %assign/vec4 v0x5fc11e795ba0_0, 0;
    %jmp T_0.1;
T_0.0 ;
    %load/vec4 v0x5fc11e795ba0_0;
    %addi 1, 0, 4;
    %assign/vec4 v0x5fc11e795ba0_0, 0;
T_0.1 ;
    %load/vec4 v0x5fc11e795ba0_0;
    %assign/vec4 v0x5fc11e795a20_0, 0;
    %jmp T_0;
    .thread T_0;
    .scope S_0x5fc11e782f50;
T_1 ;
    %pushi/vec4 0, 0, 1;
    %store/vec4 v0x5fc11e795d00_0, 0, 1;
T_1.0 ;
    %delay 5, 0;
    %load/vec4 v0x5fc11e795d00_0;
    %inv;
    %store/vec4 v0x5fc11e795d00_0, 0, 1;
    %jmp T_1.0;
    %end;
    .thread T_1;
    .scope S_0x5fc11e782f50;
T_2 ;
    %pushi/vec4 1, 0, 1;
    %store/vec4 v0x5fc11e795ea0_0, 0, 1;
    %delay 12, 0;
    %pushi/vec4 0, 0, 1;
    %store/vec4 v0x5fc11e795ea0_0, 0, 1;
    %delay 100, 0;
    %pushi/vec4 1, 0, 1;
    %store/vec4 v0x5fc11e795ea0_0, 0, 1;
    %delay 10, 0;
    %pushi/vec4 0, 0, 1;
    %store/vec4 v0x5fc11e795ea0_0, 0, 1;
    %delay 50, 0;
    %vpi_call 2 59 "$finish" {0 0 0};
    %end;
    .thread T_2;
    .scope S_0x5fc11e782f50;
T_3 ;
    %vpi_call 2 64 "$monitor", "Time = %0t | rst = %b | count = %b", $time, v0x5fc11e795ea0_0, v0x5fc11e795dd0_0 {0 0 0};
    %end;
    .thread T_3;
# The file index is used to find the file name in the following table.
:file_names 3;
    "N/A";
    "<interactive>";
    "mod16_upcounter.v";
