#! /usr/bin/vvp
:ivl_version "12.0 (stable)";
:ivl_delay_selection "TYPICAL";
:vpi_time_precision - 12;
:vpi_module "/usr/lib/x86_64-linux-gnu/ivl/system.vpi";
:vpi_module "/usr/lib/x86_64-linux-gnu/ivl/vhdl_sys.vpi";
:vpi_module "/usr/lib/x86_64-linux-gnu/ivl/vhdl_textio.vpi";
:vpi_module "/usr/lib/x86_64-linux-gnu/ivl/v2005_math.vpi";
:vpi_module "/usr/lib/x86_64-linux-gnu/ivl/va_math.vpi";
S_0x59706542d200 .scope module, "tb_mod3_to_45_upcounter" "tb_mod3_to_45_upcounter" 2 26;
 .timescale -9 -12;
v0x597065440330_0 .var "clk", 0 0;
v0x597065440400_0 .net "count", 7 0, L_0x5970654405d0;  1 drivers
v0x5970654404d0_0 .var "rst", 0 0;
S_0x59706542d390 .scope module, "uut" "mod3_to_45_upcounter" 2 32, 2 3 0, S_0x59706542d200;
 .timescale 0 0;
    .port_info 0 /OUTPUT 8 "count";
    .port_info 1 /INPUT 1 "clk";
    .port_info 2 /INPUT 1 "rst";
L_0x5970654405d0 .functor BUFZ 8, v0x5970654401d0_0, C4<00000000>, C4<00000000>, C4<00000000>;
v0x59706542d900_0 .net "clk", 0 0, v0x597065440330_0;  1 drivers
v0x597065440050_0 .net "count", 7 0, L_0x5970654405d0;  alias, 1 drivers
v0x597065440130_0 .net "rst", 0 0, v0x5970654404d0_0;  1 drivers
v0x5970654401d0_0 .var "temp", 7 0;
E_0x5970653f3f80 .event posedge, v0x59706542d900_0;
    .scope S_0x59706542d390;
T_0 ;
    %wait E_0x5970653f3f80;
    %load/vec4 v0x597065440130_0;
    %nor/r;
    %flag_set/vec4 8;
    %jmp/0xz  T_0.0, 8;
    %pushi/vec4 3, 0, 8;
    %assign/vec4 v0x5970654401d0_0, 0;
    %jmp T_0.1;
T_0.0 ;
    %load/vec4 v0x5970654401d0_0;
    %cmpi/u 45, 0, 8;
    %flag_inv 5; GE is !LT
    %jmp/0xz  T_0.2, 5;
    %pushi/vec4 3, 0, 8;
    %assign/vec4 v0x5970654401d0_0, 0;
    %jmp T_0.3;
T_0.2 ;
    %load/vec4 v0x5970654401d0_0;
    %addi 1, 0, 8;
    %assign/vec4 v0x5970654401d0_0, 0;
T_0.3 ;
T_0.1 ;
    %jmp T_0;
    .thread T_0;
    .scope S_0x59706542d200;
T_1 ;
    %pushi/vec4 0, 0, 1;
    %store/vec4 v0x597065440330_0, 0, 1;
    %pushi/vec4 0, 0, 1;
    %store/vec4 v0x5970654404d0_0, 0, 1;
    %end;
    .thread T_1;
    .scope S_0x59706542d200;
T_2 ;
    %delay 5000, 0;
    %load/vec4 v0x597065440330_0;
    %inv;
    %store/vec4 v0x597065440330_0, 0, 1;
    %jmp T_2;
    .thread T_2;
    .scope S_0x59706542d200;
T_3 ;
    %pushi/vec4 0, 0, 1;
    %store/vec4 v0x5970654404d0_0, 0, 1;
    %delay 10000, 0;
    %pushi/vec4 1, 0, 1;
    %store/vec4 v0x5970654404d0_0, 0, 1;
    %delay 400000, 0;
    %pushi/vec4 0, 0, 1;
    %store/vec4 v0x5970654404d0_0, 0, 1;
    %delay 10000, 0;
    %pushi/vec4 1, 0, 1;
    %store/vec4 v0x5970654404d0_0, 0, 1;
    %delay 100000, 0;
    %vpi_call 2 45 "$finish" {0 0 0};
    %end;
    .thread T_3;
    .scope S_0x59706542d200;
T_4 ;
    %vpi_call 2 48 "$monitor", "Time=%0t | rst=%b | count=%d", $time, v0x5970654404d0_0, v0x597065440400_0 {0 0 0};
    %end;
    .thread T_4;
# The file index is used to find the file name in the following table.
:file_names 3;
    "N/A";
    "<interactive>";
    "mod3_to_45_counter.v";
