#! /usr/bin/vvp
:ivl_version "12.0 (stable)";
:ivl_delay_selection "TYPICAL";
:vpi_time_precision + 0;
:vpi_module "/usr/lib/x86_64-linux-gnu/ivl/system.vpi";
:vpi_module "/usr/lib/x86_64-linux-gnu/ivl/vhdl_sys.vpi";
:vpi_module "/usr/lib/x86_64-linux-gnu/ivl/vhdl_textio.vpi";
:vpi_module "/usr/lib/x86_64-linux-gnu/ivl/v2005_math.vpi";
:vpi_module "/usr/lib/x86_64-linux-gnu/ivl/va_math.vpi";
S_0x5ba1e29d32c0 .scope module, "tb_counter_gidc" "tb_counter_gidc" 2 1;
 .timescale 0 0;
v0x5ba1e29e6bb0_0 .var "clk", 0 0;
v0x5ba1e29e6c80_0 .net "count", 2 0, v0x5ba1e29e68f0_0;  1 drivers
v0x5ba1e29e6d50_0 .var "rst", 0 0;
S_0x5ba1e29d3450 .scope module, "dut" "counter_gidc" 2 7, 3 2 0, S_0x5ba1e29d32c0;
 .timescale 0 0;
    .port_info 0 /INPUT 1 "clk";
    .port_info 1 /INPUT 1 "rst";
    .port_info 2 /OUTPUT 3 "count";
v0x5ba1e29d36a0_0 .net "clk", 0 0, v0x5ba1e29e6bb0_0;  1 drivers
v0x5ba1e29e68f0_0 .var "count", 2 0;
v0x5ba1e29e69d0_0 .var "ctrl", 0 0;
v0x5ba1e29e6a70_0 .net "rst", 0 0, v0x5ba1e29e6d50_0;  1 drivers
E_0x5ba1e2998f80/0 .event negedge, v0x5ba1e29e6a70_0;
E_0x5ba1e2998f80/1 .event posedge, v0x5ba1e29d36a0_0;
E_0x5ba1e2998f80 .event/or E_0x5ba1e2998f80/0, E_0x5ba1e2998f80/1;
    .scope S_0x5ba1e29d3450;
T_0 ;
    %wait E_0x5ba1e2998f80;
    %load/vec4 v0x5ba1e29e6a70_0;
    %nor/r;
    %flag_set/vec4 8;
    %jmp/0xz  T_0.0, 8;
    %pushi/vec4 0, 0, 3;
    %store/vec4 v0x5ba1e29e68f0_0, 0, 3;
    %pushi/vec4 0, 0, 1;
    %store/vec4 v0x5ba1e29e69d0_0, 0, 1;
    %jmp T_0.1;
T_0.0 ;
    %load/vec4 v0x5ba1e29e69d0_0;
    %nor/r;
    %flag_set/vec4 8;
    %jmp/0xz  T_0.2, 8;
    %load/vec4 v0x5ba1e29e68f0_0;
    %addi 1, 0, 3;
    %store/vec4 v0x5ba1e29e68f0_0, 0, 3;
    %load/vec4 v0x5ba1e29e68f0_0;
    %pad/u 32;
    %cmpi/e 3, 0, 32;
    %jmp/0xz  T_0.4, 4;
    %pushi/vec4 1, 0, 1;
    %store/vec4 v0x5ba1e29e69d0_0, 0, 1;
T_0.4 ;
    %jmp T_0.3;
T_0.2 ;
    %load/vec4 v0x5ba1e29e68f0_0;
    %subi 1, 0, 3;
    %store/vec4 v0x5ba1e29e68f0_0, 0, 3;
    %load/vec4 v0x5ba1e29e68f0_0;
    %pad/u 32;
    %cmpi/e 0, 0, 32;
    %jmp/0xz  T_0.6, 4;
    %pushi/vec4 0, 0, 1;
    %store/vec4 v0x5ba1e29e69d0_0, 0, 1;
T_0.6 ;
T_0.3 ;
T_0.1 ;
    %jmp T_0;
    .thread T_0;
    .scope S_0x5ba1e29d32c0;
T_1 ;
    %pushi/vec4 0, 0, 1;
    %store/vec4 v0x5ba1e29e6bb0_0, 0, 1;
T_1.0 ;
    %delay 5, 0;
    %load/vec4 v0x5ba1e29e6bb0_0;
    %inv;
    %store/vec4 v0x5ba1e29e6bb0_0, 0, 1;
    %jmp T_1.0;
    %end;
    .thread T_1;
    .scope S_0x5ba1e29d32c0;
T_2 ;
    %pushi/vec4 0, 0, 1;
    %store/vec4 v0x5ba1e29e6d50_0, 0, 1;
    %delay 12, 0;
    %pushi/vec4 1, 0, 1;
    %store/vec4 v0x5ba1e29e6d50_0, 0, 1;
    %vpi_call 2 20 "$monitor", "SimTime: [%0t]  Count = %0d", $time, v0x5ba1e29e6c80_0 {0 0 0};
    %delay 500, 0;
    %vpi_call 2 21 "$finish" {0 0 0};
    %end;
    .thread T_2;
    .scope S_0x5ba1e29d32c0;
T_3 ;
    %vpi_call 2 26 "$dumpfile", "wave.vcd" {0 0 0};
    %vpi_call 2 27 "$dumpvars", 32'sb00000000000000000000000000000000, S_0x5ba1e29d32c0 {0 0 0};
    %end;
    .thread T_3;
# The file index is used to find the file name in the following table.
:file_names 4;
    "N/A";
    "<interactive>";
    "testbench.v";
    "design.v";
