#! /usr/bin/vvp
:ivl_version "12.0 (stable)";
:ivl_delay_selection "TYPICAL";
:vpi_time_precision - 12;
:vpi_module "/usr/lib/x86_64-linux-gnu/ivl/system.vpi";
:vpi_module "/usr/lib/x86_64-linux-gnu/ivl/vhdl_sys.vpi";
:vpi_module "/usr/lib/x86_64-linux-gnu/ivl/vhdl_textio.vpi";
:vpi_module "/usr/lib/x86_64-linux-gnu/ivl/v2005_math.vpi";
:vpi_module "/usr/lib/x86_64-linux-gnu/ivl/va_math.vpi";
S_0x6391a6c98490 .scope module, "df_fa_test" "df_fa_test" 2 2;
 .timescale -9 -12;
v0x6391a6cead30_0 .var "a", 0 0;
v0x6391a6ceadf0_0 .var "b", 0 0;
v0x6391a6ceaec0_0 .var "c", 0 0;
v0x6391a6ceafc0_0 .net "cout", 0 0, L_0x6391a6ceb770;  1 drivers
v0x6391a6ceb090_0 .net "sum", 0 0, L_0x6391a6ceb270;  1 drivers
S_0x6391a6c98620 .scope module, "dut" "df_full_adder" 2 5, 3 2 0, S_0x6391a6c98490;
 .timescale 0 0;
    .port_info 0 /INPUT 1 "a";
    .port_info 1 /INPUT 1 "b";
    .port_info 2 /INPUT 1 "c";
    .port_info 3 /OUTPUT 1 "sum";
    .port_info 4 /OUTPUT 1 "cout";
L_0x6391a6ceb130 .functor XOR 1, v0x6391a6cead30_0, v0x6391a6ceadf0_0, C4<0>, C4<0>;
L_0x6391a6ceb270 .functor XOR 1, L_0x6391a6ceb130, v0x6391a6ceaec0_0, C4<0>, C4<0>;
L_0x6391a6ceb3d0 .functor AND 1, v0x6391a6cead30_0, v0x6391a6ceadf0_0, C4<1>, C4<1>;
L_0x6391a6ceb440 .functor AND 1, v0x6391a6ceadf0_0, v0x6391a6ceaec0_0, C4<1>, C4<1>;
L_0x6391a6ceb4e0 .functor OR 1, L_0x6391a6ceb3d0, L_0x6391a6ceb440, C4<0>, C4<0>;
L_0x6391a6ceb5a0 .functor AND 1, v0x6391a6ceaec0_0, v0x6391a6cead30_0, C4<1>, C4<1>;
L_0x6391a6ceb770 .functor OR 1, L_0x6391a6ceb4e0, L_0x6391a6ceb5a0, C4<0>, C4<0>;
v0x6391a6c98800_0 .net *"_ivl_0", 0 0, L_0x6391a6ceb130;  1 drivers
v0x6391a6cea520_0 .net *"_ivl_10", 0 0, L_0x6391a6ceb5a0;  1 drivers
v0x6391a6cea600_0 .net *"_ivl_4", 0 0, L_0x6391a6ceb3d0;  1 drivers
v0x6391a6cea6c0_0 .net *"_ivl_6", 0 0, L_0x6391a6ceb440;  1 drivers
v0x6391a6cea7a0_0 .net *"_ivl_8", 0 0, L_0x6391a6ceb4e0;  1 drivers
v0x6391a6cea8d0_0 .net "a", 0 0, v0x6391a6cead30_0;  1 drivers
v0x6391a6cea990_0 .net "b", 0 0, v0x6391a6ceadf0_0;  1 drivers
v0x6391a6ceaa50_0 .net "c", 0 0, v0x6391a6ceaec0_0;  1 drivers
v0x6391a6ceab10_0 .net "cout", 0 0, L_0x6391a6ceb770;  alias, 1 drivers
v0x6391a6ceabd0_0 .net "sum", 0 0, L_0x6391a6ceb270;  alias, 1 drivers
    .scope S_0x6391a6c98490;
T_0 ;
    %vpi_call 2 10 "$dumpfile", "wave.vcd" {0 0 0};
    %vpi_call 2 11 "$dumpvars", 32'sb00000000000000000000000000000000, S_0x6391a6c98490 {0 0 0};
    %pushi/vec4 0, 0, 1;
    %store/vec4 v0x6391a6cead30_0, 0, 1;
    %pushi/vec4 0, 0, 1;
    %store/vec4 v0x6391a6ceadf0_0, 0, 1;
    %pushi/vec4 0, 0, 1;
    %store/vec4 v0x6391a6ceaec0_0, 0, 1;
    %delay 2000, 0;
    %pushi/vec4 0, 0, 1;
    %store/vec4 v0x6391a6cead30_0, 0, 1;
    %pushi/vec4 0, 0, 1;
    %store/vec4 v0x6391a6ceadf0_0, 0, 1;
    %pushi/vec4 1, 0, 1;
    %store/vec4 v0x6391a6ceaec0_0, 0, 1;
    %delay 2000, 0;
    %pushi/vec4 0, 0, 1;
    %store/vec4 v0x6391a6cead30_0, 0, 1;
    %pushi/vec4 1, 0, 1;
    %store/vec4 v0x6391a6ceadf0_0, 0, 1;
    %pushi/vec4 0, 0, 1;
    %store/vec4 v0x6391a6ceaec0_0, 0, 1;
    %delay 2000, 0;
    %pushi/vec4 0, 0, 1;
    %store/vec4 v0x6391a6cead30_0, 0, 1;
    %pushi/vec4 1, 0, 1;
    %store/vec4 v0x6391a6ceadf0_0, 0, 1;
    %pushi/vec4 1, 0, 1;
    %store/vec4 v0x6391a6ceaec0_0, 0, 1;
    %delay 2000, 0;
    %pushi/vec4 1, 0, 1;
    %store/vec4 v0x6391a6cead30_0, 0, 1;
    %pushi/vec4 0, 0, 1;
    %store/vec4 v0x6391a6ceadf0_0, 0, 1;
    %pushi/vec4 0, 0, 1;
    %store/vec4 v0x6391a6ceaec0_0, 0, 1;
    %delay 2000, 0;
    %pushi/vec4 1, 0, 1;
    %store/vec4 v0x6391a6cead30_0, 0, 1;
    %pushi/vec4 0, 0, 1;
    %store/vec4 v0x6391a6ceadf0_0, 0, 1;
    %pushi/vec4 1, 0, 1;
    %store/vec4 v0x6391a6ceaec0_0, 0, 1;
    %delay 2000, 0;
    %pushi/vec4 1, 0, 1;
    %store/vec4 v0x6391a6cead30_0, 0, 1;
    %pushi/vec4 1, 0, 1;
    %store/vec4 v0x6391a6ceadf0_0, 0, 1;
    %pushi/vec4 0, 0, 1;
    %store/vec4 v0x6391a6ceaec0_0, 0, 1;
    %delay 2000, 0;
    %pushi/vec4 1, 0, 1;
    %store/vec4 v0x6391a6cead30_0, 0, 1;
    %pushi/vec4 1, 0, 1;
    %store/vec4 v0x6391a6ceadf0_0, 0, 1;
    %pushi/vec4 1, 0, 1;
    %store/vec4 v0x6391a6ceaec0_0, 0, 1;
    %delay 2000, 0;
    %vpi_call 2 21 "$finish" {0 0 0};
    %end;
    .thread T_0;
    .scope S_0x6391a6c98490;
T_1 ;
    %vpi_call 2 25 "$monitor", "Simtime : [%0t] value of a = %0b, b = %0b, c = %0b, sum = %0b , carry_out = %0b ", $time, v0x6391a6cead30_0, v0x6391a6ceadf0_0, v0x6391a6ceaec0_0, v0x6391a6ceb090_0, v0x6391a6ceafc0_0 {0 0 0};
    %end;
    .thread T_1;
# The file index is used to find the file name in the following table.
:file_names 4;
    "N/A";
    "<interactive>";
    "testbench.v";
    "design.v";
