#! /usr/bin/vvp
:ivl_version "12.0 (stable)";
:ivl_delay_selection "TYPICAL";
:vpi_time_precision + 0;
:vpi_module "/usr/lib/x86_64-linux-gnu/ivl/system.vpi";
:vpi_module "/usr/lib/x86_64-linux-gnu/ivl/vhdl_sys.vpi";
:vpi_module "/usr/lib/x86_64-linux-gnu/ivl/vhdl_textio.vpi";
:vpi_module "/usr/lib/x86_64-linux-gnu/ivl/v2005_math.vpi";
:vpi_module "/usr/lib/x86_64-linux-gnu/ivl/va_math.vpi";
S_0x6175eb2104c0 .scope module, "spl_counter1" "spl_counter1" 2 4;
 .timescale 0 0;
    .port_info 0 /INPUT 16 "a";
    .port_info 1 /OUTPUT 5 "c_one";
    .port_info 2 /OUTPUT 5 "c_zero";
    .port_info 3 /OUTPUT 5 "c_x";
    .port_info 4 /OUTPUT 5 "c_z";
o0x782204772018 .functor BUFZ 16, C4<zzzzzzzzzzzzzzzz>; HiZ drive
v0x6175eb212400_0 .net "a", 15 0, o0x782204772018;  0 drivers
v0x6175eb25af90_0 .var "c_one", 4 0;
v0x6175eb25b070_0 .var "c_x", 4 0;
v0x6175eb25b160_0 .var "c_z", 4 0;
v0x6175eb25b240_0 .var "c_zero", 4 0;
v0x6175eb25b370_0 .var/i "i", 31 0;
E_0x6175eb249d90 .event anyedge, v0x6175eb212400_0;
    .scope S_0x6175eb2104c0;
T_0 ;
    %wait E_0x6175eb249d90;
    %pushi/vec4 0, 0, 5;
    %store/vec4 v0x6175eb25af90_0, 0, 5;
    %pushi/vec4 0, 0, 5;
    %store/vec4 v0x6175eb25b240_0, 0, 5;
    %pushi/vec4 0, 0, 5;
    %store/vec4 v0x6175eb25b070_0, 0, 5;
    %pushi/vec4 0, 0, 5;
    %store/vec4 v0x6175eb25b160_0, 0, 5;
    %pushi/vec4 0, 0, 32;
    %store/vec4 v0x6175eb25b370_0, 0, 32;
T_0.0 ;
    %load/vec4 v0x6175eb25b370_0;
    %cmpi/s 16, 0, 32;
    %jmp/0xz T_0.1, 5;
    %load/vec4 v0x6175eb212400_0;
    %load/vec4 v0x6175eb25b370_0;
    %part/s 1;
    %dup/vec4;
    %pushi/vec4 1, 0, 1;
    %cmp/z;
    %jmp/1 T_0.2, 4;
    %dup/vec4;
    %pushi/vec4 0, 0, 1;
    %cmp/z;
    %jmp/1 T_0.3, 4;
    %dup/vec4;
    %pushi/vec4 1, 1, 1;
    %cmp/z;
    %jmp/1 T_0.4, 4;
    %dup/vec4;
    %pushi/vec4 0, 1, 1;
    %cmp/z;
    %jmp/1 T_0.5, 4;
    %jmp T_0.6;
T_0.2 ;
    %load/vec4 v0x6175eb25af90_0;
    %addi 1, 0, 5;
    %store/vec4 v0x6175eb25af90_0, 0, 5;
    %jmp T_0.6;
T_0.3 ;
    %load/vec4 v0x6175eb25b240_0;
    %addi 1, 0, 5;
    %store/vec4 v0x6175eb25b240_0, 0, 5;
    %jmp T_0.6;
T_0.4 ;
    %load/vec4 v0x6175eb25b070_0;
    %addi 1, 0, 5;
    %store/vec4 v0x6175eb25b070_0, 0, 5;
    %jmp T_0.6;
T_0.5 ;
    %load/vec4 v0x6175eb25b160_0;
    %addi 1, 0, 5;
    %store/vec4 v0x6175eb25b160_0, 0, 5;
    %jmp T_0.6;
T_0.6 ;
    %pop/vec4 1;
    %load/vec4 v0x6175eb25b370_0;
    %addi 1, 0, 32;
    %store/vec4 v0x6175eb25b370_0, 0, 32;
    %jmp T_0.0;
T_0.1 ;
    %jmp T_0;
    .thread T_0, $push;
# The file index is used to find the file name in the following table.
:file_names 3;
    "N/A";
    "<interactive>";
    "one_zeros_counter.v";
