#! /usr/bin/vvp
:ivl_version "12.0 (stable)";
:ivl_delay_selection "TYPICAL";
:vpi_time_precision - 12;
:vpi_module "/usr/lib/x86_64-linux-gnu/ivl/system.vpi";
:vpi_module "/usr/lib/x86_64-linux-gnu/ivl/vhdl_sys.vpi";
:vpi_module "/usr/lib/x86_64-linux-gnu/ivl/vhdl_textio.vpi";
:vpi_module "/usr/lib/x86_64-linux-gnu/ivl/v2005_math.vpi";
:vpi_module "/usr/lib/x86_64-linux-gnu/ivl/va_math.vpi";
S_0x6144fd36e550 .scope module, "tlatch_test" "tlatch_test" 2 2;
 .timescale -9 -12;
v0x6144fd383850_0 .var "clk", 0 0;
v0x6144fd383910_0 .net "q", 0 0, v0x6144fd383470_0;  1 drivers
v0x6144fd3839e0_0 .var "rst_n", 0 0;
v0x6144fd383ae0_0 .var "t", 0 0;
S_0x6144fd36e6e0 .scope module, "dut" "t_latch" 2 8, 3 1 0, S_0x6144fd36e550;
 .timescale 0 0;
    .port_info 0 /INPUT 1 "clk";
    .port_info 1 /INPUT 1 "rst_n";
    .port_info 2 /INPUT 1 "t";
    .port_info 3 /OUTPUT 1 "q";
v0x6144fd334490_0 .net "clk", 0 0, v0x6144fd383850_0;  1 drivers
v0x6144fd383470_0 .var "q", 0 0;
v0x6144fd383530_0 .net "rst_n", 0 0, v0x6144fd3839e0_0;  1 drivers
v0x6144fd383600_0 .net "t", 0 0, v0x6144fd383ae0_0;  1 drivers
v0x6144fd3836c0_0 .var "temp", 0 0;
E_0x6144fd334b60 .event anyedge, v0x6144fd383600_0, v0x6144fd383530_0, v0x6144fd334490_0;
    .scope S_0x6144fd36e6e0;
T_0 ;
    %wait E_0x6144fd334b60;
    %load/vec4 v0x6144fd383530_0;
    %nor/r;
    %flag_set/vec4 8;
    %jmp/0xz  T_0.0, 8;
    %pushi/vec4 0, 0, 1;
    %store/vec4 v0x6144fd3836c0_0, 0, 1;
    %jmp T_0.1;
T_0.0 ;
    %load/vec4 v0x6144fd334490_0;
    %flag_set/vec4 8;
    %jmp/0xz  T_0.2, 8;
    %load/vec4 v0x6144fd383600_0;
    %flag_set/vec4 8;
    %jmp/0xz  T_0.4, 8;
    %load/vec4 v0x6144fd3836c0_0;
    %inv;
    %store/vec4 v0x6144fd3836c0_0, 0, 1;
T_0.4 ;
T_0.2 ;
T_0.1 ;
    %load/vec4 v0x6144fd3836c0_0;
    %store/vec4 v0x6144fd383470_0, 0, 1;
    %jmp T_0;
    .thread T_0, $push;
    .scope S_0x6144fd36e550;
T_1 ;
    %pushi/vec4 0, 0, 1;
    %store/vec4 v0x6144fd383850_0, 0, 1;
T_1.0 ;
    %delay 5000, 0;
    %load/vec4 v0x6144fd383850_0;
    %inv;
    %store/vec4 v0x6144fd383850_0, 0, 1;
    %jmp T_1.0;
    %end;
    .thread T_1;
    .scope S_0x6144fd36e550;
T_2 ;
    %pushi/vec4 0, 0, 1;
    %store/vec4 v0x6144fd383ae0_0, 0, 1;
    %pushi/vec4 0, 0, 1;
    %store/vec4 v0x6144fd3839e0_0, 0, 1;
    %delay 12000, 0;
    %pushi/vec4 1, 0, 1;
    %store/vec4 v0x6144fd3839e0_0, 0, 1;
    %delay 10000, 0;
    %pushi/vec4 1, 0, 1;
    %store/vec4 v0x6144fd383ae0_0, 0, 1;
    %delay 10000, 0;
    %pushi/vec4 0, 0, 1;
    %store/vec4 v0x6144fd383ae0_0, 0, 1;
    %delay 10000, 0;
    %pushi/vec4 1, 0, 1;
    %store/vec4 v0x6144fd383ae0_0, 0, 1;
    %delay 20000, 0;
    %pushi/vec4 0, 0, 1;
    %store/vec4 v0x6144fd383ae0_0, 0, 1;
    %delay 10000, 0;
    %pushi/vec4 1, 0, 1;
    %store/vec4 v0x6144fd383ae0_0, 0, 1;
    %delay 20000, 0;
    %pushi/vec4 0, 0, 1;
    %store/vec4 v0x6144fd383ae0_0, 0, 1;
    %delay 40000, 0;
    %vpi_call 2 39 "$finish" {0 0 0};
    %end;
    .thread T_2;
    .scope S_0x6144fd36e550;
T_3 ;
    %vpi_call 2 44 "$monitor", "Time = %0t | rst_n = %b | t = %b | q = %b", $time, v0x6144fd3839e0_0, v0x6144fd383ae0_0, v0x6144fd383910_0 {0 0 0};
    %end;
    .thread T_3;
    .scope S_0x6144fd36e550;
T_4 ;
    %vpi_call 2 49 "$dumpfile", "wave.vcd" {0 0 0};
    %vpi_call 2 50 "$dumpvars", 32'sb00000000000000000000000000000000, S_0x6144fd36e550 {0 0 0};
    %end;
    .thread T_4;
# The file index is used to find the file name in the following table.
:file_names 4;
    "N/A";
    "<interactive>";
    "testbench.v";
    "design.v";
