#! /usr/bin/vvp
:ivl_version "12.0 (stable)";
:ivl_delay_selection "TYPICAL";
:vpi_time_precision + 0;
:vpi_module "/usr/lib/x86_64-linux-gnu/ivl/system.vpi";
:vpi_module "/usr/lib/x86_64-linux-gnu/ivl/vhdl_sys.vpi";
:vpi_module "/usr/lib/x86_64-linux-gnu/ivl/vhdl_textio.vpi";
:vpi_module "/usr/lib/x86_64-linux-gnu/ivl/v2005_math.vpi";
:vpi_module "/usr/lib/x86_64-linux-gnu/ivl/va_math.vpi";
S_0x6260b4e91410 .scope module, "test_typ4" "test_typ4" 2 1;
 .timescale 0 0;
v0x6260b4e674c0_0 .var "a", 7 0;
v0x6260b4eb5d90_0 .var "b", 7 0;
v0x6260b4eb5e70_0 .var "c", 7 0;
v0x6260b4eb5f30_0 .var "d", 7 0;
v0x6260b4eb6010_0 .var "e", 7 0;
    .scope S_0x6260b4e91410;
T_0 ;
    %pushi/vec4 18, 0, 8;
    %assign/vec4 v0x6260b4e674c0_0, 0;
    %vpi_call 2 5 "$display", "The value for a: %0h, b: %0h, c: %0h, d: %0h, e: %0h @ %0t ns.", v0x6260b4e674c0_0, v0x6260b4eb5d90_0, v0x6260b4eb5e70_0, v0x6260b4eb5f30_0, v0x6260b4eb6010_0, $time {0 0 0};
    %pushi/vec4 52, 0, 8;
    %assign/vec4 v0x6260b4eb5d90_0, 0;
    %vpi_call 2 7 "$display", "The value for a: %0h, b: %0h, c: %0h, d: %0h, e: %0h @ %0t ns.", v0x6260b4e674c0_0, v0x6260b4eb5d90_0, v0x6260b4eb5e70_0, v0x6260b4eb5f30_0, v0x6260b4eb6010_0, $time {0 0 0};
    %pushi/vec4 69, 0, 8;
    %assign/vec4 v0x6260b4eb5e70_0, 0;
    %vpi_call 2 9 "$display", "The value for a: %0h, b: %0h, c: %0h, d: %0h, e: %0h @ %0t ns.", v0x6260b4e674c0_0, v0x6260b4eb5d90_0, v0x6260b4eb5e70_0, v0x6260b4eb5f30_0, v0x6260b4eb6010_0, $time {0 0 0};
    %end;
    .thread T_0;
    .scope S_0x6260b4e91410;
T_1 ;
    %delay 1, 0;
    %pushi/vec4 86, 0, 8;
    %assign/vec4 v0x6260b4eb5f30_0, 0;
    %vpi_call 2 14 "$display", "The value for a: %0h, b: %0h, c: %0h, d: %0h, e: %0h @ %0t ns.", v0x6260b4e674c0_0, v0x6260b4eb5d90_0, v0x6260b4eb5e70_0, v0x6260b4eb5f30_0, v0x6260b4eb6010_0, $time {0 0 0};
    %delay 2, 0;
    %pushi/vec4 103, 0, 8;
    %assign/vec4 v0x6260b4eb6010_0, 0;
    %vpi_call 2 16 "$display", "The value for a: %0h, b: %0h, c: %0h, d: %0h, e: %0h @ %0t ns.", v0x6260b4e674c0_0, v0x6260b4eb5d90_0, v0x6260b4eb5e70_0, v0x6260b4eb5f30_0, v0x6260b4eb6010_0, $time {0 0 0};
    %delay 1, 0;
    %pushi/vec4 0, 0, 8;
    %assign/vec4 v0x6260b4e674c0_0, 0;
    %vpi_call 2 18 "$display", "The value for a: %0h, b: %0h, c: %0h, d: %0h, e: %0h @ %0t ns.", v0x6260b4e674c0_0, v0x6260b4eb5d90_0, v0x6260b4eb5e70_0, v0x6260b4eb5f30_0, v0x6260b4eb6010_0, $time {0 0 0};
    %end;
    .thread T_1;
# The file index is used to find the file name in the following table.
:file_names 3;
    "N/A";
    "<interactive>";
    "type04.v";
