#! /usr/bin/vvp
:ivl_version "12.0 (stable)";
:ivl_delay_selection "TYPICAL";
:vpi_time_precision + 0;
:vpi_module "/usr/lib/x86_64-linux-gnu/ivl/system.vpi";
:vpi_module "/usr/lib/x86_64-linux-gnu/ivl/vhdl_sys.vpi";
:vpi_module "/usr/lib/x86_64-linux-gnu/ivl/vhdl_textio.vpi";
:vpi_module "/usr/lib/x86_64-linux-gnu/ivl/v2005_math.vpi";
:vpi_module "/usr/lib/x86_64-linux-gnu/ivl/va_math.vpi";
S_0x5a524d300490 .scope module, "fa_struct_test" "fa_struct_test" 2 1;
 .timescale 0 0;
v0x5a524d34f030_0 .var "a", 0 0;
v0x5a524d34f0f0_0 .var "b", 0 0;
v0x5a524d34f1c0_0 .var "cin", 0 0;
v0x5a524d34f2c0_0 .net "cout", 0 0, v0x5a524d34edc0_0;  1 drivers
v0x5a524d34f390_0 .net "sum", 0 0, v0x5a524d34ee80_0;  1 drivers
S_0x5a524d300620 .scope module, "fa1" "full_add" 2 4, 3 2 0, S_0x5a524d300490;
 .timescale 0 0;
    .port_info 0 /INPUT 1 "a";
    .port_info 1 /INPUT 1 "b";
    .port_info 2 /INPUT 1 "cin";
    .port_info 3 /OUTPUT 1 "sum";
    .port_info 4 /OUTPUT 1 "cout";
v0x5a524d3007d0_0 .net "a", 0 0, v0x5a524d34f030_0;  1 drivers
v0x5a524d34ec30_0 .net "b", 0 0, v0x5a524d34f0f0_0;  1 drivers
v0x5a524d34ecf0_0 .net "cin", 0 0, v0x5a524d34f1c0_0;  1 drivers
v0x5a524d34edc0_0 .var "cout", 0 0;
v0x5a524d34ee80_0 .var "sum", 0 0;
E_0x5a524d33a9e0 .event anyedge, v0x5a524d34ecf0_0, v0x5a524d34ec30_0, v0x5a524d3007d0_0;
    .scope S_0x5a524d300620;
T_0 ;
    %wait E_0x5a524d33a9e0;
    %load/vec4 v0x5a524d3007d0_0;
    %pad/u 2;
    %load/vec4 v0x5a524d34ec30_0;
    %pad/u 2;
    %add;
    %load/vec4 v0x5a524d34ecf0_0;
    %pad/u 2;
    %add;
    %split/vec4 1;
    %store/vec4 v0x5a524d34ee80_0, 0, 1;
    %store/vec4 v0x5a524d34edc0_0, 0, 1;
    %jmp T_0;
    .thread T_0, $push;
    .scope S_0x5a524d300490;
T_1 ;
    %pushi/vec4 0, 0, 1;
    %store/vec4 v0x5a524d34f030_0, 0, 1;
    %pushi/vec4 0, 0, 1;
    %store/vec4 v0x5a524d34f0f0_0, 0, 1;
    %pushi/vec4 0, 0, 1;
    %store/vec4 v0x5a524d34f1c0_0, 0, 1;
    %delay 2, 0;
    %pushi/vec4 1, 0, 1;
    %store/vec4 v0x5a524d34f1c0_0, 0, 1;
    %delay 2, 0;
    %pushi/vec4 1, 0, 1;
    %store/vec4 v0x5a524d34f0f0_0, 0, 1;
    %pushi/vec4 0, 0, 1;
    %store/vec4 v0x5a524d34f1c0_0, 0, 1;
    %delay 2, 0;
    %pushi/vec4 0, 0, 1;
    %store/vec4 v0x5a524d34f0f0_0, 0, 1;
    %pushi/vec4 1, 0, 1;
    %store/vec4 v0x5a524d34f1c0_0, 0, 1;
    %delay 2, 0;
    %pushi/vec4 1, 0, 1;
    %store/vec4 v0x5a524d34f0f0_0, 0, 1;
    %pushi/vec4 1, 0, 1;
    %store/vec4 v0x5a524d34f1c0_0, 0, 1;
    %delay 2, 0;
    %pushi/vec4 1, 0, 1;
    %store/vec4 v0x5a524d34f030_0, 0, 1;
    %pushi/vec4 0, 0, 1;
    %store/vec4 v0x5a524d34f0f0_0, 0, 1;
    %pushi/vec4 0, 0, 1;
    %store/vec4 v0x5a524d34f1c0_0, 0, 1;
    %delay 2, 0;
    %pushi/vec4 1, 0, 1;
    %store/vec4 v0x5a524d34f1c0_0, 0, 1;
    %delay 2, 0;
    %pushi/vec4 1, 0, 1;
    %store/vec4 v0x5a524d34f0f0_0, 0, 1;
    %pushi/vec4 0, 0, 1;
    %store/vec4 v0x5a524d34f1c0_0, 0, 1;
    %delay 2, 0;
    %pushi/vec4 0, 0, 1;
    %store/vec4 v0x5a524d34f0f0_0, 0, 1;
    %pushi/vec4 1, 0, 1;
    %store/vec4 v0x5a524d34f1c0_0, 0, 1;
    %delay 2, 0;
    %pushi/vec4 1, 0, 1;
    %store/vec4 v0x5a524d34f0f0_0, 0, 1;
    %pushi/vec4 1, 0, 1;
    %store/vec4 v0x5a524d34f1c0_0, 0, 1;
    %delay 10, 0;
    %vpi_call 2 17 "$finish" {0 0 0};
    %end;
    .thread T_1;
    .scope S_0x5a524d300490;
T_2 ;
    %vpi_call 2 20 "$dumpfile", "wave.vcd" {0 0 0};
    %vpi_call 2 21 "$dumpvars", 32'sb00000000000000000000000000000000, S_0x5a524d300490 {0 0 0};
    %end;
    .thread T_2;
# The file index is used to find the file name in the following table.
:file_names 4;
    "N/A";
    "<interactive>";
    "/home/amit_fesn/coding_verilog/struct_fa_ha/testbench.v";
    "design.v";
