#! /usr/bin/vvp
:ivl_version "12.0 (stable)";
:ivl_delay_selection "TYPICAL";
:vpi_time_precision - 12;
:vpi_module "/usr/lib/x86_64-linux-gnu/ivl/system.vpi";
:vpi_module "/usr/lib/x86_64-linux-gnu/ivl/vhdl_sys.vpi";
:vpi_module "/usr/lib/x86_64-linux-gnu/ivl/vhdl_textio.vpi";
:vpi_module "/usr/lib/x86_64-linux-gnu/ivl/v2005_math.vpi";
:vpi_module "/usr/lib/x86_64-linux-gnu/ivl/va_math.vpi";
S_0x5b6dfd0c27e0 .scope module, "tb_single_port_ram" "tb_single_port_ram" 2 3;
 .timescale -9 -12;
P_0x5b6dfd0ac180 .param/l "ADDR_WIDTH" 0 2 7, +C4<00000000000000000000000000000100>;
P_0x5b6dfd0ac1c0 .param/l "DATA_WIDTH" 0 2 6, +C4<00000000000000000000000000001000>;
v0x5b6dfd0db8f0_0 .var "addr", 3 0;
v0x5b6dfd0db9d0_0 .var "clk", 0 0;
v0x5b6dfd0dbaa0_0 .var "din", 7 0;
v0x5b6dfd0dbba0_0 .net "dout", 7 0, v0x5b6dfd0db4c0_0;  1 drivers
v0x5b6dfd0dbc70_0 .var "en", 0 0;
v0x5b6dfd0dbd60_0 .var "we", 0 0;
S_0x5b6dfd0c2a10 .scope module, "uut" "single_port_ram" 2 21, 3 1 0, S_0x5b6dfd0c27e0;
 .timescale 0 0;
    .port_info 0 /INPUT 1 "clk";
    .port_info 1 /INPUT 1 "en";
    .port_info 2 /INPUT 1 "we";
    .port_info 3 /INPUT 4 "addr";
    .port_info 4 /INPUT 8 "din";
    .port_info 5 /OUTPUT 8 "dout";
P_0x5b6dfd0adaf0 .param/l "ADDR_WIDTH" 0 3 3, +C4<00000000000000000000000000000100>;
P_0x5b6dfd0adb30 .param/l "DATA_WIDTH" 0 3 2, +C4<00000000000000000000000000001000>;
v0x5b6dfd0afb50_0 .net "addr", 3 0, v0x5b6dfd0db8f0_0;  1 drivers
v0x5b6dfd0b0030_0 .net "clk", 0 0, v0x5b6dfd0db9d0_0;  1 drivers
v0x5b6dfd0db3d0_0 .net "din", 7 0, v0x5b6dfd0dbaa0_0;  1 drivers
v0x5b6dfd0db4c0_0 .var "dout", 7 0;
v0x5b6dfd0db5a0_0 .net "en", 0 0, v0x5b6dfd0dbc70_0;  1 drivers
v0x5b6dfd0db6b0 .array "mem", 15 0, 7 0;
v0x5b6dfd0db770_0 .net "we", 0 0, v0x5b6dfd0dbd60_0;  1 drivers
E_0x5b6dfd088080 .event posedge, v0x5b6dfd0b0030_0;
    .scope S_0x5b6dfd0c2a10;
T_0 ;
    %wait E_0x5b6dfd088080;
    %load/vec4 v0x5b6dfd0db5a0_0;
    %flag_set/vec4 8;
    %jmp/0xz  T_0.0, 8;
    %load/vec4 v0x5b6dfd0db770_0;
    %flag_set/vec4 8;
    %jmp/0xz  T_0.2, 8;
    %load/vec4 v0x5b6dfd0db3d0_0;
    %load/vec4 v0x5b6dfd0afb50_0;
    %pad/u 6;
    %ix/vec4 3;
    %ix/load 4, 0, 0; Constant delay
    %assign/vec4/a/d v0x5b6dfd0db6b0, 0, 4;
    %jmp T_0.3;
T_0.2 ;
    %load/vec4 v0x5b6dfd0afb50_0;
    %pad/u 6;
    %ix/vec4 4;
    %load/vec4a v0x5b6dfd0db6b0, 4;
    %assign/vec4 v0x5b6dfd0db4c0_0, 0;
T_0.3 ;
T_0.0 ;
    %jmp T_0;
    .thread T_0;
    .scope S_0x5b6dfd0c27e0;
T_1 ;
    %delay 5000, 0;
    %load/vec4 v0x5b6dfd0db9d0_0;
    %inv;
    %store/vec4 v0x5b6dfd0db9d0_0, 0, 1;
    %jmp T_1;
    .thread T_1;
    .scope S_0x5b6dfd0c27e0;
T_2 ;
    %pushi/vec4 0, 0, 1;
    %store/vec4 v0x5b6dfd0db9d0_0, 0, 1;
    %pushi/vec4 0, 0, 1;
    %store/vec4 v0x5b6dfd0dbc70_0, 0, 1;
    %pushi/vec4 0, 0, 1;
    %store/vec4 v0x5b6dfd0dbd60_0, 0, 1;
    %pushi/vec4 0, 0, 4;
    %store/vec4 v0x5b6dfd0db8f0_0, 0, 4;
    %pushi/vec4 0, 0, 8;
    %store/vec4 v0x5b6dfd0dbaa0_0, 0, 8;
    %delay 10000, 0;
    %pushi/vec4 1, 0, 1;
    %store/vec4 v0x5b6dfd0dbc70_0, 0, 1;
    %pushi/vec4 1, 0, 1;
    %store/vec4 v0x5b6dfd0dbd60_0, 0, 1;
    %pushi/vec4 8, 0, 32;
T_2.0 %dup/vec4;
    %pushi/vec4 0, 0, 32;
    %cmp/s;
    %jmp/1xz T_2.1, 5;
    %jmp/1 T_2.1, 4;
    %pushi/vec4 1, 0, 32;
    %sub;
    %wait E_0x5b6dfd088080;
    %load/vec4 v0x5b6dfd0db8f0_0;
    %addi 1, 0, 4;
    %store/vec4 v0x5b6dfd0db8f0_0, 0, 4;
    %load/vec4 v0x5b6dfd0dbaa0_0;
    %addi 160, 0, 8;
    %store/vec4 v0x5b6dfd0dbaa0_0, 0, 8;
    %jmp T_2.0;
T_2.1 ;
    %pop/vec4 1;
    %wait E_0x5b6dfd088080;
    %pushi/vec4 0, 0, 1;
    %store/vec4 v0x5b6dfd0dbd60_0, 0, 1;
    %delay 10000, 0;
    %pushi/vec4 0, 0, 4;
    %store/vec4 v0x5b6dfd0db8f0_0, 0, 4;
    %pushi/vec4 8, 0, 32;
T_2.2 %dup/vec4;
    %pushi/vec4 0, 0, 32;
    %cmp/s;
    %jmp/1xz T_2.3, 5;
    %jmp/1 T_2.3, 4;
    %pushi/vec4 1, 0, 32;
    %sub;
    %wait E_0x5b6dfd088080;
    %load/vec4 v0x5b6dfd0db8f0_0;
    %addi 1, 0, 4;
    %store/vec4 v0x5b6dfd0db8f0_0, 0, 4;
    %jmp T_2.2;
T_2.3 ;
    %pop/vec4 1;
    %delay 20000, 0;
    %vpi_call 2 72 "$finish" {0 0 0};
    %end;
    .thread T_2;
    .scope S_0x5b6dfd0c27e0;
T_3 ;
    %vpi_call 2 77 "$monitor", "Time=%0t | en=%b we=%b addr=%h din=%h dout=%h", $time, v0x5b6dfd0dbc70_0, v0x5b6dfd0dbd60_0, v0x5b6dfd0db8f0_0, v0x5b6dfd0dbaa0_0, v0x5b6dfd0dbba0_0 {0 0 0};
    %end;
    .thread T_3;
    .scope S_0x5b6dfd0c27e0;
T_4 ;
    %vpi_call 2 83 "$dumpfile", "single_port_ram_tb.vcd" {0 0 0};
    %vpi_call 2 84 "$dumpvars", 32'sb00000000000000000000000000000000, S_0x5b6dfd0c27e0 {0 0 0};
    %end;
    .thread T_4;
# The file index is used to find the file name in the following table.
:file_names 4;
    "N/A";
    "<interactive>";
    "testbench.v";
    "design.v";
