#! /usr/bin/vvp
:ivl_version "12.0 (stable)";
:ivl_delay_selection "TYPICAL";
:vpi_time_precision + 0;
:vpi_module "/usr/lib/x86_64-linux-gnu/ivl/system.vpi";
:vpi_module "/usr/lib/x86_64-linux-gnu/ivl/vhdl_sys.vpi";
:vpi_module "/usr/lib/x86_64-linux-gnu/ivl/vhdl_textio.vpi";
:vpi_module "/usr/lib/x86_64-linux-gnu/ivl/v2005_math.vpi";
:vpi_module "/usr/lib/x86_64-linux-gnu/ivl/va_math.vpi";
S_0x62ba2f792490 .scope module, "test4" "test4" 2 1;
 .timescale 0 0;
v0x62ba2f794400_0 .var/i "a", 31 0;
v0x62ba2f7da060_0 .var/i "b", 31 0;
v0x62ba2f7da140_0 .var/i "c", 31 0;
v0x62ba2f7da200_0 .var/i "d", 31 0;
    .scope S_0x62ba2f792490;
T_0 ;
    %pushi/vec4 10, 0, 32;
    %store/vec4 v0x62ba2f794400_0, 0, 32;
    %pushi/vec4 20, 0, 32;
    %store/vec4 v0x62ba2f7da060_0, 0, 32;
    %pushi/vec4 30, 0, 32;
    %store/vec4 v0x62ba2f7da140_0, 0, 32;
    %load/vec4 v0x62ba2f794400_0;
    %assign/vec4 v0x62ba2f7da060_0, 0;
    %load/vec4 v0x62ba2f7da060_0;
    %assign/vec4 v0x62ba2f7da140_0, 0;
    %load/vec4 v0x62ba2f7da140_0;
    %assign/vec4 v0x62ba2f7da200_0, 0;
    %vpi_call 2 16 "$strobe", "The value of a: %0d, b = %0d, c = %0d , d = %0d", v0x62ba2f794400_0, v0x62ba2f7da060_0, v0x62ba2f7da140_0, v0x62ba2f7da200_0 {0 0 0};
    %end;
    .thread T_0;
# The file index is used to find the file name in the following table.
:file_names 3;
    "N/A";
    "<interactive>";
    "test4.v";
