#! /usr/bin/vvp
:ivl_version "12.0 (stable)";
:ivl_delay_selection "TYPICAL";
:vpi_time_precision + 0;
:vpi_module "/usr/lib/x86_64-linux-gnu/ivl/system.vpi";
:vpi_module "/usr/lib/x86_64-linux-gnu/ivl/vhdl_sys.vpi";
:vpi_module "/usr/lib/x86_64-linux-gnu/ivl/vhdl_textio.vpi";
:vpi_module "/usr/lib/x86_64-linux-gnu/ivl/v2005_math.vpi";
:vpi_module "/usr/lib/x86_64-linux-gnu/ivl/va_math.vpi";
S_0x60d3c60449e0 .scope module, "testbench" "testbench" 2 2;
 .timescale 0 0;
v0x60d3c605dd00_0 .var "A", 0 0;
v0x60d3c605ddc0_0 .var "B", 0 0;
v0x60d3c605ded0_0 .var "Cin", 0 0;
v0x60d3c605dfc0_0 .net "Cout", 0 0, L_0x60d3c605e7c0;  1 drivers
v0x60d3c605e060_0 .net "Sum", 0 0, L_0x60d3c605e460;  1 drivers
S_0x60d3c6044b70 .scope begin, "$ivl_for_loop0" "$ivl_for_loop0" 2 14, 2 14 0, S_0x60d3c60449e0;
 .timescale 0 0;
v0x60d3c60467a0_0 .var/i "i", 31 0;
S_0x60d3c605c5f0 .scope module, "FA" "full_adder_using_half_substractors" 2 7, 3 45 0, S_0x60d3c60449e0;
 .timescale 0 0;
    .port_info 0 /INPUT 1 "A";
    .port_info 1 /INPUT 1 "B";
    .port_info 2 /INPUT 1 "Cin";
    .port_info 3 /OUTPUT 1 "Sum";
    .port_info 4 /OUTPUT 1 "Cout";
L_0x60d3c605e730 .functor AND 1, v0x60d3c605dd00_0, v0x60d3c605ddc0_0, C4<1>, C4<1>;
L_0x60d3c605e7c0 .functor OR 1, L_0x60d3c605e730, L_0x60d3c605e630, C4<0>, C4<0>;
v0x60d3c605d5b0_0 .net "A", 0 0, v0x60d3c605dd00_0;  1 drivers
v0x60d3c605d670_0 .net "AndAB", 0 0, L_0x60d3c605e730;  1 drivers
v0x60d3c605d710_0 .net "B", 0 0, v0x60d3c605ddc0_0;  1 drivers
v0x60d3c605d810_0 .net "Borrow1", 0 0, L_0x60d3c605e310;  1 drivers
v0x60d3c605d8e0_0 .net "Borrow2", 0 0, L_0x60d3c605e630;  1 drivers
v0x60d3c605d9d0_0 .net "Cin", 0 0, v0x60d3c605ded0_0;  1 drivers
v0x60d3c605daa0_0 .net "Cout", 0 0, L_0x60d3c605e7c0;  alias, 1 drivers
v0x60d3c605db40_0 .net "Diff1", 0 0, L_0x60d3c605e1a0;  1 drivers
v0x60d3c605dc30_0 .net "Sum", 0 0, L_0x60d3c605e460;  alias, 1 drivers
S_0x60d3c605c7f0 .scope module, "HS1" "half_substractor" 3 52, 3 71 0, S_0x60d3c605c5f0;
 .timescale 0 0;
    .port_info 0 /INPUT 1 "A";
    .port_info 1 /INPUT 1 "B";
    .port_info 2 /OUTPUT 1 "Diff";
    .port_info 3 /OUTPUT 1 "Borrow";
L_0x60d3c605e1a0 .functor XOR 1, v0x60d3c605dd00_0, v0x60d3c605ddc0_0, C4<0>, C4<0>;
L_0x60d3c605e210 .functor NOT 1, v0x60d3c605dd00_0, C4<0>, C4<0>, C4<0>;
L_0x60d3c605e310 .functor AND 1, L_0x60d3c605e210, v0x60d3c605ddc0_0, C4<1>, C4<1>;
v0x60d3c605ca40_0 .net "A", 0 0, v0x60d3c605dd00_0;  alias, 1 drivers
v0x60d3c605cb20_0 .net "B", 0 0, v0x60d3c605ddc0_0;  alias, 1 drivers
v0x60d3c605cbe0_0 .net "Borrow", 0 0, L_0x60d3c605e310;  alias, 1 drivers
v0x60d3c605cc80_0 .net "Diff", 0 0, L_0x60d3c605e1a0;  alias, 1 drivers
v0x60d3c605cd40_0 .net *"_ivl_2", 0 0, L_0x60d3c605e210;  1 drivers
S_0x60d3c605cef0 .scope module, "HS2" "half_substractor" 3 58, 3 71 0, S_0x60d3c605c5f0;
 .timescale 0 0;
    .port_info 0 /INPUT 1 "A";
    .port_info 1 /INPUT 1 "B";
    .port_info 2 /OUTPUT 1 "Diff";
    .port_info 3 /OUTPUT 1 "Borrow";
L_0x60d3c605e460 .functor XOR 1, L_0x60d3c605e1a0, v0x60d3c605ded0_0, C4<0>, C4<0>;
L_0x60d3c605e5a0 .functor NOT 1, L_0x60d3c605e1a0, C4<0>, C4<0>, C4<0>;
L_0x60d3c605e630 .functor AND 1, L_0x60d3c605e5a0, v0x60d3c605ded0_0, C4<1>, C4<1>;
v0x60d3c605d160_0 .net "A", 0 0, L_0x60d3c605e1a0;  alias, 1 drivers
v0x60d3c605d200_0 .net "B", 0 0, v0x60d3c605ded0_0;  alias, 1 drivers
v0x60d3c605d2a0_0 .net "Borrow", 0 0, L_0x60d3c605e630;  alias, 1 drivers
v0x60d3c605d340_0 .net "Diff", 0 0, L_0x60d3c605e460;  alias, 1 drivers
v0x60d3c605d400_0 .net *"_ivl_2", 0 0, L_0x60d3c605e5a0;  1 drivers
    .scope S_0x60d3c60449e0;
T_0 ;
    %vpi_call 2 13 "$display", "A B Cin | Sum Cout" {0 0 0};
    %fork t_1, S_0x60d3c6044b70;
    %jmp t_0;
    .scope S_0x60d3c6044b70;
t_1 ;
    %pushi/vec4 0, 0, 32;
    %store/vec4 v0x60d3c60467a0_0, 0, 32;
T_0.0 ;
    %load/vec4 v0x60d3c60467a0_0;
    %cmpi/s 8, 0, 32;
    %jmp/0xz T_0.1, 5;
    %load/vec4 v0x60d3c60467a0_0;
    %pad/s 3;
    %split/vec4 1;
    %store/vec4 v0x60d3c605ded0_0, 0, 1;
    %split/vec4 1;
    %store/vec4 v0x60d3c605ddc0_0, 0, 1;
    %store/vec4 v0x60d3c605dd00_0, 0, 1;
    %delay 1, 0;
    %vpi_call 2 16 "$display", "%b %b  %b  |  %b    %b", v0x60d3c605dd00_0, v0x60d3c605ddc0_0, v0x60d3c605ded0_0, v0x60d3c605e060_0, v0x60d3c605dfc0_0 {0 0 0};
    %load/vec4 v0x60d3c60467a0_0;
    %addi 1, 0, 32;
    %store/vec4 v0x60d3c60467a0_0, 0, 32;
    %jmp T_0.0;
T_0.1 ;
    %end;
    .scope S_0x60d3c60449e0;
t_0 %join;
    %end;
    .thread T_0;
    .scope S_0x60d3c60449e0;
T_1 ;
    %vpi_call 2 22 "$dumpfile", "wave.vcd" {0 0 0};
    %vpi_call 2 23 "$dumpvars", 32'sb00000000000000000000000000000000, S_0x60d3c60449e0 {0 0 0};
    %end;
    .thread T_1;
# The file index is used to find the file name in the following table.
:file_names 4;
    "N/A";
    "<interactive>";
    "testbench.v";
    "design.v";
