#! /usr/bin/vvp
:ivl_version "12.0 (stable)";
:ivl_delay_selection "TYPICAL";
:vpi_time_precision - 12;
:vpi_module "/usr/lib/x86_64-linux-gnu/ivl/system.vpi";
:vpi_module "/usr/lib/x86_64-linux-gnu/ivl/vhdl_sys.vpi";
:vpi_module "/usr/lib/x86_64-linux-gnu/ivl/vhdl_textio.vpi";
:vpi_module "/usr/lib/x86_64-linux-gnu/ivl/v2005_math.vpi";
:vpi_module "/usr/lib/x86_64-linux-gnu/ivl/va_math.vpi";
S_0x64c300d430e0 .scope module, "tb_rams_sp_nc" "tb_rams_sp_nc" 2 3;
 .timescale -9 -12;
v0x64c300d5c860_0 .var "addr", 9 0;
v0x64c300d5c940_0 .var "clk", 0 0;
v0x64c300d5c9e0_0 .var "di", 15 0;
v0x64c300d5ca80_0 .net "dout", 15 0, v0x64c300d328c0_0;  1 drivers
v0x64c300d5cb20_0 .var "en", 0 0;
v0x64c300d5cc10_0 .var "we", 0 0;
S_0x64c300d08490 .scope module, "dut" "rams_sp_nc" 2 14, 3 4 0, S_0x64c300d430e0;
 .timescale 0 0;
    .port_info 0 /INPUT 1 "clk";
    .port_info 1 /INPUT 1 "we";
    .port_info 2 /INPUT 1 "en";
    .port_info 3 /INPUT 10 "addr";
    .port_info 4 /INPUT 16 "di";
    .port_info 5 /OUTPUT 16 "dout";
v0x64c300d31480 .array "RAM", 0 1023, 15 0;
v0x64c300d31680_0 .net "addr", 9 0, v0x64c300d5c860_0;  1 drivers
v0x64c300d32290_0 .net "clk", 0 0, v0x64c300d5c940_0;  1 drivers
v0x64c300d32570_0 .net "di", 15 0, v0x64c300d5c9e0_0;  1 drivers
v0x64c300d328c0_0 .var "dout", 15 0;
v0x64c300d32ac0_0 .net "en", 0 0, v0x64c300d5cb20_0;  1 drivers
v0x64c300d5c6e0_0 .net "we", 0 0, v0x64c300d5cc10_0;  1 drivers
E_0x64c300d08fa0 .event posedge, v0x64c300d32290_0;
    .scope S_0x64c300d08490;
T_0 ;
    %wait E_0x64c300d08fa0;
    %load/vec4 v0x64c300d32ac0_0;
    %flag_set/vec4 8;
    %jmp/0xz  T_0.0, 8;
    %load/vec4 v0x64c300d5c6e0_0;
    %flag_set/vec4 8;
    %jmp/0xz  T_0.2, 8;
    %load/vec4 v0x64c300d32570_0;
    %load/vec4 v0x64c300d31680_0;
    %pad/u 12;
    %ix/vec4 3;
    %ix/load 4, 0, 0; Constant delay
    %assign/vec4/a/d v0x64c300d31480, 0, 4;
    %jmp T_0.3;
T_0.2 ;
    %load/vec4 v0x64c300d31680_0;
    %pad/u 12;
    %ix/vec4 4;
    %load/vec4a v0x64c300d31480, 4;
    %assign/vec4 v0x64c300d328c0_0, 0;
T_0.3 ;
T_0.0 ;
    %jmp T_0;
    .thread T_0;
    .scope S_0x64c300d430e0;
T_1 ;
    %pushi/vec4 0, 0, 1;
    %store/vec4 v0x64c300d5c940_0, 0, 1;
    %end;
    .thread T_1;
    .scope S_0x64c300d430e0;
T_2 ;
    %delay 5000, 0;
    %load/vec4 v0x64c300d5c940_0;
    %inv;
    %store/vec4 v0x64c300d5c940_0, 0, 1;
    %jmp T_2;
    .thread T_2;
    .scope S_0x64c300d430e0;
T_3 ;
    %vpi_call 2 29 "$dumpfile", "rams_sp_nc_tb.vcd" {0 0 0};
    %vpi_call 2 30 "$dumpvars", 32'sb00000000000000000000000000000000, S_0x64c300d430e0 {0 0 0};
    %pushi/vec4 0, 0, 1;
    %store/vec4 v0x64c300d5cc10_0, 0, 1;
    %pushi/vec4 0, 0, 1;
    %store/vec4 v0x64c300d5cb20_0, 0, 1;
    %pushi/vec4 0, 0, 10;
    %store/vec4 v0x64c300d5c860_0, 0, 10;
    %pushi/vec4 0, 0, 16;
    %store/vec4 v0x64c300d5c9e0_0, 0, 16;
    %vpi_call 2 38 "$display", "Starting Single-Port RAM Test" {0 0 0};
    %wait E_0x64c300d08fa0;
    %pushi/vec4 1, 0, 1;
    %store/vec4 v0x64c300d5cb20_0, 0, 1;
    %pushi/vec4 1, 0, 1;
    %store/vec4 v0x64c300d5cc10_0, 0, 1;
    %pushi/vec4 5, 0, 10;
    %store/vec4 v0x64c300d5c860_0, 0, 10;
    %pushi/vec4 4660, 0, 16;
    %store/vec4 v0x64c300d5c9e0_0, 0, 16;
    %wait E_0x64c300d08fa0;
    %pushi/vec4 0, 0, 1;
    %store/vec4 v0x64c300d5cc10_0, 0, 1;
    %wait E_0x64c300d08fa0;
    %pushi/vec4 5, 0, 10;
    %store/vec4 v0x64c300d5c860_0, 0, 10;
    %wait E_0x64c300d08fa0;
    %wait E_0x64c300d08fa0;
    %vpi_call 2 59 "$display", "Read @ 0x005 = 0x%h ", v0x64c300d5ca80_0 {0 0 0};
    %pushi/vec4 1, 0, 1;
    %store/vec4 v0x64c300d5cc10_0, 0, 1;
    %pushi/vec4 416, 0, 10;
    %store/vec4 v0x64c300d5c860_0, 0, 10;
    %pushi/vec4 43981, 0, 16;
    %store/vec4 v0x64c300d5c9e0_0, 0, 16;
    %wait E_0x64c300d08fa0;
    %pushi/vec4 0, 0, 1;
    %store/vec4 v0x64c300d5cc10_0, 0, 1;
    %wait E_0x64c300d08fa0;
    %pushi/vec4 416, 0, 10;
    %store/vec4 v0x64c300d5c860_0, 0, 10;
    %wait E_0x64c300d08fa0;
    %wait E_0x64c300d08fa0;
    %vpi_call 2 73 "$display", "Read @ 0x1A0 = 0x%h ", v0x64c300d5ca80_0 {0 0 0};
    %vpi_call 2 75 "$display", "Test completed." {0 0 0};
    %vpi_call 2 76 "$finish" {0 0 0};
    %end;
    .thread T_3;
    .scope S_0x64c300d430e0;
T_4 ;
    %vpi_call 2 82 "$dumpfile", "dual_port)_ram_tb.vcd" {0 0 0};
    %vpi_call 2 83 "$dumpvars", 32'sb00000000000000000000000000000000, S_0x64c300d430e0 {0 0 0};
    %end;
    .thread T_4;
# The file index is used to find the file name in the following table.
:file_names 4;
    "N/A";
    "<interactive>";
    "testbench.v";
    "design.v";
