#! /usr/bin/vvp
:ivl_version "12.0 (stable)";
:ivl_delay_selection "TYPICAL";
:vpi_time_precision - 12;
:vpi_module "/usr/lib/x86_64-linux-gnu/ivl/system.vpi";
:vpi_module "/usr/lib/x86_64-linux-gnu/ivl/vhdl_sys.vpi";
:vpi_module "/usr/lib/x86_64-linux-gnu/ivl/vhdl_textio.vpi";
:vpi_module "/usr/lib/x86_64-linux-gnu/ivl/v2005_math.vpi";
:vpi_module "/usr/lib/x86_64-linux-gnu/ivl/va_math.vpi";
S_0x5f98d22f0540 .scope module, "clk_gen_all_methods" "clk_gen_all_methods" 2 3;
 .timescale -9 -12;
v0x5f98d22f06d0_0 .var "clk_m1", 0 0;
v0x5f98d233d460_0 .var "clk_m2", 0 0;
v0x5f98d233d520_0 .var "clk_m3", 0 0;
v0x5f98d233d5c0_0 .var "clk_m4", 0 0;
v0x5f98d233d680_0 .var/i "i", 31 0;
    .scope S_0x5f98d22f0540;
T_0 ;
    %delay 5000, 0;
    %load/vec4 v0x5f98d22f06d0_0;
    %inv;
    %store/vec4 v0x5f98d22f06d0_0, 0, 1;
    %jmp T_0;
    .thread T_0;
    .scope S_0x5f98d22f0540;
T_1 ;
    %pushi/vec4 0, 0, 1;
    %store/vec4 v0x5f98d22f06d0_0, 0, 1;
    %end;
    .thread T_1;
    .scope S_0x5f98d22f0540;
T_2 ;
    %pushi/vec4 0, 0, 1;
    %store/vec4 v0x5f98d233d460_0, 0, 1;
T_2.0 ;
    %delay 10000, 0;
    %load/vec4 v0x5f98d233d460_0;
    %inv;
    %store/vec4 v0x5f98d233d460_0, 0, 1;
    %jmp T_2.0;
    %end;
    .thread T_2;
    .scope S_0x5f98d22f0540;
T_3 ;
    %pushi/vec4 0, 0, 1;
    %store/vec4 v0x5f98d233d520_0, 0, 1;
    %pushi/vec4 0, 0, 32;
    %store/vec4 v0x5f98d233d680_0, 0, 32;
T_3.0 ;
    %load/vec4 v0x5f98d233d680_0;
    %cmpi/s 10, 0, 32;
    %jmp/0xz T_3.1, 5;
    %delay 15000, 0;
    %load/vec4 v0x5f98d233d520_0;
    %inv;
    %store/vec4 v0x5f98d233d520_0, 0, 1;
    %load/vec4 v0x5f98d233d680_0;
    %addi 1, 0, 32;
    %store/vec4 v0x5f98d233d680_0, 0, 32;
    %jmp T_3.0;
T_3.1 ;
    %end;
    .thread T_3;
    .scope S_0x5f98d22f0540;
T_4 ;
    %pushi/vec4 0, 0, 1;
    %store/vec4 v0x5f98d233d5c0_0, 0, 1;
    %pushi/vec4 10, 0, 32;
T_4.0 %dup/vec4;
    %pushi/vec4 0, 0, 32;
    %cmp/s;
    %jmp/1xz T_4.1, 5;
    %jmp/1 T_4.1, 4;
    %pushi/vec4 1, 0, 32;
    %sub;
    %delay 7000, 0;
    %load/vec4 v0x5f98d233d5c0_0;
    %inv;
    %store/vec4 v0x5f98d233d5c0_0, 0, 1;
    %jmp T_4.0;
T_4.1 ;
    %pop/vec4 1;
    %end;
    .thread T_4;
    .scope S_0x5f98d22f0540;
T_5 ;
    %vpi_call 2 45 "$display", "Comparing different clock generation methods" {0 0 0};
    %vpi_call 2 46 "$monitor", "Time=%0t | clk_m1=%b | clk_m2=%b | clk_m3=%b | clk_m4=%b", $time, v0x5f98d22f06d0_0, v0x5f98d233d460_0, v0x5f98d233d520_0, v0x5f98d233d5c0_0 {0 0 0};
    %vpi_call 2 49 "$dumpfile", "wave.vcd" {0 0 0};
    %vpi_call 2 50 "$dumpvars", 32'sb00000000000000000000000000000000, S_0x5f98d22f0540 {0 0 0};
    %delay 200000, 0;
    %vpi_call 2 52 "$finish" {0 0 0};
    %end;
    .thread T_5;
# The file index is used to find the file name in the following table.
:file_names 3;
    "N/A";
    "<interactive>";
    "clk_in_diff_ways.v";
