#! /usr/bin/vvp
:ivl_version "12.0 (stable)";
:ivl_delay_selection "TYPICAL";
:vpi_time_precision - 12;
:vpi_module "/usr/lib/x86_64-linux-gnu/ivl/system.vpi";
:vpi_module "/usr/lib/x86_64-linux-gnu/ivl/vhdl_sys.vpi";
:vpi_module "/usr/lib/x86_64-linux-gnu/ivl/vhdl_textio.vpi";
:vpi_module "/usr/lib/x86_64-linux-gnu/ivl/v2005_math.vpi";
:vpi_module "/usr/lib/x86_64-linux-gnu/ivl/va_math.vpi";
S_0x617aae22fe30 .scope module, "tb_downcounter_5bit" "tb_downcounter_5bit" 2 23;
 .timescale -9 -12;
v0x617aae2421a0_0 .var "clk", 0 0;
v0x617aae242270_0 .net "count", 4 0, L_0x617aae242440;  1 drivers
v0x617aae242340_0 .var "rst", 0 0;
S_0x617aae22ffc0 .scope module, "uut" "downcounter_5bit" 2 29, 2 2 0, S_0x617aae22fe30;
 .timescale 0 0;
    .port_info 0 /INPUT 1 "clk";
    .port_info 1 /INPUT 1 "rst";
    .port_info 2 /OUTPUT 5 "count";
L_0x617aae242440 .functor BUFZ 5, v0x617aae242040_0, C4<00000>, C4<00000>, C4<00000>;
v0x617aae230500_0 .net "clk", 0 0, v0x617aae2421a0_0;  1 drivers
v0x617aae241ec0_0 .net "count", 4 0, L_0x617aae242440;  alias, 1 drivers
v0x617aae241fa0_0 .net "rst", 0 0, v0x617aae242340_0;  1 drivers
v0x617aae242040_0 .var "temp", 4 0;
E_0x617aae1f6f80 .event posedge, v0x617aae230500_0;
    .scope S_0x617aae22ffc0;
T_0 ;
    %wait E_0x617aae1f6f80;
    %load/vec4 v0x617aae241fa0_0;
    %flag_set/vec4 8;
    %jmp/0xz  T_0.0, 8;
    %pushi/vec4 0, 0, 5;
    %assign/vec4 v0x617aae242040_0, 0;
    %jmp T_0.1;
T_0.0 ;
    %load/vec4 v0x617aae242040_0;
    %subi 1, 0, 5;
    %assign/vec4 v0x617aae242040_0, 0;
T_0.1 ;
    %jmp T_0;
    .thread T_0;
    .scope S_0x617aae22fe30;
T_1 ;
    %pushi/vec4 0, 0, 1;
    %store/vec4 v0x617aae2421a0_0, 0, 1;
    %pushi/vec4 1, 0, 1;
    %store/vec4 v0x617aae242340_0, 0, 1;
    %end;
    .thread T_1;
    .scope S_0x617aae22fe30;
T_2 ;
    %delay 5000, 0;
    %load/vec4 v0x617aae2421a0_0;
    %inv;
    %store/vec4 v0x617aae2421a0_0, 0, 1;
    %jmp T_2;
    .thread T_2;
    .scope S_0x617aae22fe30;
T_3 ;
    %delay 10000, 0;
    %pushi/vec4 0, 0, 1;
    %store/vec4 v0x617aae242340_0, 0, 1;
    %delay 700000, 0;
    %vpi_call 2 35 "$finish" {0 0 0};
    %end;
    .thread T_3;
    .scope S_0x617aae22fe30;
T_4 ;
    %vpi_call 2 38 "$monitor", "Time=%0t | rst=%b | count=%d", $time, v0x617aae242340_0, v0x617aae242270_0 {0 0 0};
    %end;
    .thread T_4;
# The file index is used to find the file name in the following table.
:file_names 3;
    "N/A";
    "<interactive>";
    "mod32_downcounter.v";
