#! /usr/bin/vvp
:ivl_version "12.0 (stable)";
:ivl_delay_selection "TYPICAL";
:vpi_time_precision - 12;
:vpi_module "/usr/lib/x86_64-linux-gnu/ivl/system.vpi";
:vpi_module "/usr/lib/x86_64-linux-gnu/ivl/vhdl_sys.vpi";
:vpi_module "/usr/lib/x86_64-linux-gnu/ivl/vhdl_textio.vpi";
:vpi_module "/usr/lib/x86_64-linux-gnu/ivl/v2005_math.vpi";
:vpi_module "/usr/lib/x86_64-linux-gnu/ivl/va_math.vpi";
S_0x64af15c741a0 .scope module, "tb_simple_fifo" "tb_simple_fifo" 2 3;
 .timescale -9 -12;
P_0x64af15c60010 .param/l "ADDR_WIDTH" 0 2 7, +C4<00000000000000000000000000000100>;
P_0x64af15c60050 .param/l "DATA_WIDTH" 0 2 6, +C4<00000000000000000000000000001000>;
v0x64af15c919d0_0 .var "clk", 0 0;
v0x64af15c91a90_0 .var "din", 7 0;
v0x64af15c91b60_0 .net "dout", 7 0, v0x64af15c910d0_0;  1 drivers
v0x64af15c91c60_0 .net "empty", 0 0, L_0x64af15ca2200;  1 drivers
v0x64af15c91d30_0 .net "full", 0 0, L_0x64af15ca24d0;  1 drivers
v0x64af15c91dd0_0 .var "rd_en", 0 0;
v0x64af15c91ea0_0 .var "rst", 0 0;
v0x64af15c91f70_0 .var "wr_en", 0 0;
S_0x64af15c34490 .scope module, "uut" "simple_fifo" 2 23, 3 2 0, S_0x64af15c741a0;
 .timescale 0 0;
    .port_info 0 /INPUT 1 "clk";
    .port_info 1 /INPUT 1 "rst";
    .port_info 2 /INPUT 1 "wr_en";
    .port_info 3 /INPUT 1 "rd_en";
    .port_info 4 /INPUT 8 "din";
    .port_info 5 /OUTPUT 8 "dout";
    .port_info 6 /OUTPUT 1 "empty";
    .port_info 7 /OUTPUT 1 "full";
P_0x64af15c34620 .param/l "ADDR_WIDTH" 0 3 4, +C4<00000000000000000000000000000100>;
P_0x64af15c34660 .param/l "DATA_WIDTH" 0 3 3, +C4<00000000000000000000000000001000>;
P_0x64af15c346a0 .param/l "DEPTH" 1 3 16, +C4<000000000000000000000000000000010000>;
v0x64af15c60cd0_0 .net *"_ivl_0", 31 0, L_0x64af15c92040;  1 drivers
L_0x7d901ad570a8 .functor BUFT 1, C4<0000000000000000000000000000000>, C4<0>, C4<0>, C4<0>;
v0x64af15c61200_0 .net *"_ivl_11", 30 0, L_0x7d901ad570a8;  1 drivers
L_0x7d901ad570f0 .functor BUFT 1, C4<000000000000000000000000000000010000>, C4<0>, C4<0>, C4<0>;
v0x64af15c61650_0 .net/2u *"_ivl_12", 35 0, L_0x7d901ad570f0;  1 drivers
L_0x7d901ad57018 .functor BUFT 1, C4<000000000000000000000000000>, C4<0>, C4<0>, C4<0>;
v0x64af15c619e0_0 .net *"_ivl_3", 26 0, L_0x7d901ad57018;  1 drivers
L_0x7d901ad57060 .functor BUFT 1, C4<00000000000000000000000000000000>, C4<0>, C4<0>, C4<0>;
v0x64af15c5b5a0_0 .net/2u *"_ivl_4", 31 0, L_0x7d901ad57060;  1 drivers
v0x64af15c5ee90_0 .net *"_ivl_8", 35 0, L_0x64af15ca2390;  1 drivers
v0x64af15c74070_0 .net "clk", 0 0, v0x64af15c919d0_0;  1 drivers
v0x64af15c90ff0_0 .net "din", 7 0, v0x64af15c91a90_0;  1 drivers
v0x64af15c910d0_0 .var "dout", 7 0;
v0x64af15c911b0_0 .net "empty", 0 0, L_0x64af15ca2200;  alias, 1 drivers
v0x64af15c91270_0 .var "fifo_count", 4 0;
v0x64af15c91350_0 .net "full", 0 0, L_0x64af15ca24d0;  alias, 1 drivers
v0x64af15c91410 .array "mem", 15 0, 7 0;
v0x64af15c914d0_0 .net "rd_en", 0 0, v0x64af15c91dd0_0;  1 drivers
v0x64af15c91590_0 .var "rd_ptr", 3 0;
v0x64af15c91670_0 .net "rst", 0 0, v0x64af15c91ea0_0;  1 drivers
v0x64af15c91730_0 .net "wr_en", 0 0, v0x64af15c91f70_0;  1 drivers
v0x64af15c917f0_0 .var "wr_ptr", 3 0;
E_0x64af15c6f080 .event posedge, v0x64af15c74070_0;
L_0x64af15c92040 .concat [ 5 27 0 0], v0x64af15c91270_0, L_0x7d901ad57018;
L_0x64af15ca2200 .cmp/eq 32, L_0x64af15c92040, L_0x7d901ad57060;
L_0x64af15ca2390 .concat [ 5 31 0 0], v0x64af15c91270_0, L_0x7d901ad570a8;
L_0x64af15ca24d0 .cmp/eq 36, L_0x64af15ca2390, L_0x7d901ad570f0;
    .scope S_0x64af15c34490;
T_0 ;
    %wait E_0x64af15c6f080;
    %load/vec4 v0x64af15c91670_0;
    %flag_set/vec4 8;
    %jmp/0xz  T_0.0, 8;
    %pushi/vec4 0, 0, 4;
    %assign/vec4 v0x64af15c917f0_0, 0;
    %jmp T_0.1;
T_0.0 ;
    %load/vec4 v0x64af15c91730_0;
    %flag_set/vec4 9;
    %flag_get/vec4 9;
    %jmp/0 T_0.4, 9;
    %load/vec4 v0x64af15c91350_0;
    %nor/r;
    %and;
T_0.4;
    %flag_set/vec4 8;
    %jmp/0xz  T_0.2, 8;
    %load/vec4 v0x64af15c90ff0_0;
    %load/vec4 v0x64af15c917f0_0;
    %pad/u 6;
    %ix/vec4 3;
    %ix/load 4, 0, 0; Constant delay
    %assign/vec4/a/d v0x64af15c91410, 0, 4;
    %load/vec4 v0x64af15c917f0_0;
    %addi 1, 0, 4;
    %assign/vec4 v0x64af15c917f0_0, 0;
T_0.2 ;
T_0.1 ;
    %jmp T_0;
    .thread T_0;
    .scope S_0x64af15c34490;
T_1 ;
    %wait E_0x64af15c6f080;
    %load/vec4 v0x64af15c91670_0;
    %flag_set/vec4 8;
    %jmp/0xz  T_1.0, 8;
    %pushi/vec4 0, 0, 4;
    %assign/vec4 v0x64af15c91590_0, 0;
    %pushi/vec4 0, 0, 8;
    %assign/vec4 v0x64af15c910d0_0, 0;
    %jmp T_1.1;
T_1.0 ;
    %load/vec4 v0x64af15c914d0_0;
    %flag_set/vec4 9;
    %flag_get/vec4 9;
    %jmp/0 T_1.4, 9;
    %load/vec4 v0x64af15c911b0_0;
    %nor/r;
    %and;
T_1.4;
    %flag_set/vec4 8;
    %jmp/0xz  T_1.2, 8;
    %load/vec4 v0x64af15c91590_0;
    %pad/u 6;
    %ix/vec4 4;
    %load/vec4a v0x64af15c91410, 4;
    %assign/vec4 v0x64af15c910d0_0, 0;
    %load/vec4 v0x64af15c91590_0;
    %addi 1, 0, 4;
    %assign/vec4 v0x64af15c91590_0, 0;
T_1.2 ;
T_1.1 ;
    %jmp T_1;
    .thread T_1;
    .scope S_0x64af15c34490;
T_2 ;
    %wait E_0x64af15c6f080;
    %load/vec4 v0x64af15c91670_0;
    %flag_set/vec4 8;
    %jmp/0xz  T_2.0, 8;
    %pushi/vec4 0, 0, 5;
    %assign/vec4 v0x64af15c91270_0, 0;
    %jmp T_2.1;
T_2.0 ;
    %load/vec4 v0x64af15c91730_0;
    %flag_set/vec4 8;
    %flag_get/vec4 8;
    %jmp/0 T_2.6, 8;
    %load/vec4 v0x64af15c91350_0;
    %nor/r;
    %and;
T_2.6;
    %load/vec4 v0x64af15c914d0_0;
    %flag_set/vec4 8;
    %flag_get/vec4 8;
    %jmp/0 T_2.7, 8;
    %load/vec4 v0x64af15c911b0_0;
    %nor/r;
    %and;
T_2.7;
    %concat/vec4; draw_concat_vec4
    %dup/vec4;
    %pushi/vec4 2, 0, 2;
    %cmp/u;
    %jmp/1 T_2.2, 6;
    %dup/vec4;
    %pushi/vec4 1, 0, 2;
    %cmp/u;
    %jmp/1 T_2.3, 6;
    %load/vec4 v0x64af15c91270_0;
    %assign/vec4 v0x64af15c91270_0, 0;
    %jmp T_2.5;
T_2.2 ;
    %load/vec4 v0x64af15c91270_0;
    %addi 1, 0, 5;
    %assign/vec4 v0x64af15c91270_0, 0;
    %jmp T_2.5;
T_2.3 ;
    %load/vec4 v0x64af15c91270_0;
    %subi 1, 0, 5;
    %assign/vec4 v0x64af15c91270_0, 0;
    %jmp T_2.5;
T_2.5 ;
    %pop/vec4 1;
T_2.1 ;
    %jmp T_2;
    .thread T_2;
    .scope S_0x64af15c741a0;
T_3 ;
    %delay 5000, 0;
    %load/vec4 v0x64af15c919d0_0;
    %inv;
    %store/vec4 v0x64af15c919d0_0, 0, 1;
    %jmp T_3;
    .thread T_3;
    .scope S_0x64af15c741a0;
T_4 ;
    %pushi/vec4 0, 0, 1;
    %store/vec4 v0x64af15c919d0_0, 0, 1;
    %pushi/vec4 1, 0, 1;
    %store/vec4 v0x64af15c91ea0_0, 0, 1;
    %pushi/vec4 0, 0, 1;
    %store/vec4 v0x64af15c91f70_0, 0, 1;
    %pushi/vec4 0, 0, 1;
    %store/vec4 v0x64af15c91dd0_0, 0, 1;
    %pushi/vec4 0, 0, 8;
    %store/vec4 v0x64af15c91a90_0, 0, 8;
    %delay 10000, 0;
    %pushi/vec4 0, 0, 1;
    %store/vec4 v0x64af15c91ea0_0, 0, 1;
    %pushi/vec4 8, 0, 32;
T_4.0 %dup/vec4;
    %pushi/vec4 0, 0, 32;
    %cmp/s;
    %jmp/1xz T_4.1, 5;
    %jmp/1 T_4.1, 4;
    %pushi/vec4 1, 0, 32;
    %sub;
    %wait E_0x64af15c6f080;
    %pushi/vec4 1, 0, 1;
    %store/vec4 v0x64af15c91f70_0, 0, 1;
    %load/vec4 v0x64af15c91a90_0;
    %addi 17, 0, 8;
    %store/vec4 v0x64af15c91a90_0, 0, 8;
    %jmp T_4.0;
T_4.1 ;
    %pop/vec4 1;
    %wait E_0x64af15c6f080;
    %pushi/vec4 0, 0, 1;
    %store/vec4 v0x64af15c91f70_0, 0, 1;
    %delay 20000, 0;
    %pushi/vec4 8, 0, 32;
T_4.2 %dup/vec4;
    %pushi/vec4 0, 0, 32;
    %cmp/s;
    %jmp/1xz T_4.3, 5;
    %jmp/1 T_4.3, 4;
    %pushi/vec4 1, 0, 32;
    %sub;
    %wait E_0x64af15c6f080;
    %pushi/vec4 1, 0, 1;
    %store/vec4 v0x64af15c91dd0_0, 0, 1;
    %jmp T_4.2;
T_4.3 ;
    %pop/vec4 1;
    %wait E_0x64af15c6f080;
    %pushi/vec4 0, 0, 1;
    %store/vec4 v0x64af15c91dd0_0, 0, 1;
    %delay 20000, 0;
    %vpi_call 2 74 "$finish" {0 0 0};
    %end;
    .thread T_4;
    .scope S_0x64af15c741a0;
T_5 ;
    %vpi_call 2 79 "$monitor", "Time=%0t | wr_en=%b rd_en=%b din=%h dout=%h full=%b empty=%b", $time, v0x64af15c91f70_0, v0x64af15c91dd0_0, v0x64af15c91a90_0, v0x64af15c91b60_0, v0x64af15c91d30_0, v0x64af15c91c60_0 {0 0 0};
    %vpi_call 2 81 "$dumpvars", 32'sb00000000000000000000000000000000, S_0x64af15c741a0 {0 0 0};
    %vpi_call 2 82 "$dumpfile", "wave.vcd" {0 0 0};
    %end;
    .thread T_5;
# The file index is used to find the file name in the following table.
:file_names 4;
    "N/A";
    "<interactive>";
    "testbench.v";
    "design.v";
