#! /usr/bin/vvp
:ivl_version "12.0 (stable)";
:ivl_delay_selection "TYPICAL";
:vpi_time_precision + 0;
:vpi_module "/usr/lib/x86_64-linux-gnu/ivl/system.vpi";
:vpi_module "/usr/lib/x86_64-linux-gnu/ivl/vhdl_sys.vpi";
:vpi_module "/usr/lib/x86_64-linux-gnu/ivl/vhdl_textio.vpi";
:vpi_module "/usr/lib/x86_64-linux-gnu/ivl/v2005_math.vpi";
:vpi_module "/usr/lib/x86_64-linux-gnu/ivl/va_math.vpi";
S_0x611edc168c50 .scope module, "test_datatypes" "test_datatypes" 2 3;
 .timescale 0 0;
v0x611edc143490_0 .var/i "i", 31 0;
v0x611edc193440_0 .var "r", 0 0;
v0x611edc193500_0 .var "r_vector", 1 0;
v0x611edc1935c0_0 .var/real "rl", 0 0;
v0x611edc193680_0 .var/real "rt", 0 0;
v0x611edc193790_0 .var "t", 63 0;
o0x7f59111a0138 .functor BUFZ 1, C4<z>; HiZ drive
v0x611edc193870_0 .net "w", 0 0, o0x7f59111a0138;  0 drivers
o0x7f59111a0168 .functor BUFZ 2, C4<zz>; HiZ drive
v0x611edc193930_0 .net "w_vector", 1 0, o0x7f59111a0168;  0 drivers
    .scope S_0x611edc168c50;
T_0 ;
    %vpi_call 2 18 "$display", "------------------------------------------------------------" {0 0 0};
    %vpi_call 2 19 "$display", "| %-10s | %-10s | %-13s | %-15s |", "Type", "Name", "Default Value", "Default Size" {0 0 0};
    %vpi_call 2 20 "$display", "------------------------------------------------------------" {0 0 0};
    %vpi_call 2 22 "$display", "| %-10s | %-10s | %-13b | %-15s |", "reg", "r", v0x611edc193440_0, "1 bit" {0 0 0};
    %vpi_call 2 23 "$display", "| %-10s | %-10s | %-13b | %-15s |", "wire", "w", v0x611edc193870_0, "1 bit" {0 0 0};
    %vpi_call 2 24 "$display", "| %-10s | %-10s | %-13d | %-15s |", "integer", "i", v0x611edc143490_0, "32 bits" {0 0 0};
    %vpi_call 2 25 "$display", "| %-10s | %-10s | %-13b | %-15s |", "reg[1:0]", "r_vector", v0x611edc193500_0, "2 bits" {0 0 0};
    %vpi_call 2 26 "$display", "| %-10s | %-10s | %-13b | %-15s |", "wire[1:0]", "w_vector", v0x611edc193930_0, "2 bits" {0 0 0};
    %vpi_call 2 27 "$display", "| %-10s | %-10s | %-13f | %-15s |", "real", "rl", v0x611edc1935c0_0, "64 bits" {0 0 0};
    %vpi_call 2 28 "$display", "| %-10s | %-10s | %-13d | %-15s |", "time", "t", v0x611edc193790_0, "64 bits" {0 0 0};
    %vpi_call 2 29 "$display", "| %-10s | %-10s | %-13f | %-15s |", "realtime", "rt", v0x611edc193680_0, "64 bits" {0 0 0};
    %vpi_call 2 31 "$display", "------------------------------------------------------------" {0 0 0};
    %vpi_call 2 32 "$finish" {0 0 0};
    %end;
    .thread T_0;
# The file index is used to find the file name in the following table.
:file_names 3;
    "N/A";
    "<interactive>";
    "data_types.v";
