#! /usr/bin/vvp
:ivl_version "12.0 (stable)";
:ivl_delay_selection "TYPICAL";
:vpi_time_precision + 0;
:vpi_module "/usr/lib/x86_64-linux-gnu/ivl/system.vpi";
:vpi_module "/usr/lib/x86_64-linux-gnu/ivl/vhdl_sys.vpi";
:vpi_module "/usr/lib/x86_64-linux-gnu/ivl/vhdl_textio.vpi";
:vpi_module "/usr/lib/x86_64-linux-gnu/ivl/v2005_math.vpi";
:vpi_module "/usr/lib/x86_64-linux-gnu/ivl/va_math.vpi";
S_0x59b609529560 .scope module, "mem1" "mem1" 2 3;
 .timescale 0 0;
v0x59b60952b400 .array "a", 0 255, 7 0;
    .scope S_0x59b609529560;
T_0 ;
    %vpi_func 2 8 "$size" 32, v0x59b60952b400 {0 0 0};
    %vpi_call 2 8 "$display", "The size of the memory is %0d", S<0,vec4,s32> {1 0 0};
    %end;
    .thread T_0;
# The file index is used to find the file name in the following table.
:file_names 3;
    "N/A";
    "<interactive>";
    "mem1.v";
