#! /usr/bin/vvp
:ivl_version "12.0 (stable)";
:ivl_delay_selection "TYPICAL";
:vpi_time_precision + 0;
:vpi_module "/usr/lib/x86_64-linux-gnu/ivl/system.vpi";
:vpi_module "/usr/lib/x86_64-linux-gnu/ivl/vhdl_sys.vpi";
:vpi_module "/usr/lib/x86_64-linux-gnu/ivl/vhdl_textio.vpi";
:vpi_module "/usr/lib/x86_64-linux-gnu/ivl/v2005_math.vpi";
:vpi_module "/usr/lib/x86_64-linux-gnu/ivl/va_math.vpi";
S_0x5fbbccf24490 .scope module, "test_op1" "test_op1" 2 2;
 .timescale 0 0;
v0x5fbbccf24620_0 .var "a", 3 0;
v0x5fbbccf76f60_0 .var "b", 3 0;
    .scope S_0x5fbbccf24490;
T_0 ;
    %pushi/vec4 2, 0, 4;
    %store/vec4 v0x5fbbccf24620_0, 0, 4;
    %pushi/vec4 5, 1, 4;
    %store/vec4 v0x5fbbccf76f60_0, 0, 4;
    %load/vec4 v0x5fbbccf24620_0;
    %load/vec4 v0x5fbbccf76f60_0;
    %cmp/e;
    %flag_get/vec4 4;
    %vpi_call 2 13 "$display", "The '==' of two operands a: %b , b: %b is y:%b", v0x5fbbccf24620_0, v0x5fbbccf76f60_0, S<0,vec4,u1> {1 0 0};
    %pushi/vec4 5, 1, 4;
    %store/vec4 v0x5fbbccf24620_0, 0, 4;
    %pushi/vec4 4, 2, 4;
    %store/vec4 v0x5fbbccf76f60_0, 0, 4;
    %load/vec4 v0x5fbbccf24620_0;
    %load/vec4 v0x5fbbccf76f60_0;
    %cmp/e;
    %flag_get/vec4 4;
    %vpi_call 2 15 "$display", "The '==' of two operands a: %b , b: %b is y:%b", v0x5fbbccf24620_0, v0x5fbbccf76f60_0, S<0,vec4,u1> {1 0 0};
    %pushi/vec4 5, 1, 4;
    %store/vec4 v0x5fbbccf24620_0, 0, 4;
    %pushi/vec4 4, 2, 4;
    %store/vec4 v0x5fbbccf76f60_0, 0, 4;
    %load/vec4 v0x5fbbccf24620_0;
    %load/vec4 v0x5fbbccf76f60_0;
    %cmp/e;
    %flag_get/vec4 6;
    %vpi_call 2 17 "$display", "The '===' of two operands a: %b , b: %b is y:%b", v0x5fbbccf24620_0, v0x5fbbccf76f60_0, S<0,vec4,u1> {1 0 0};
    %pushi/vec4 5, 0, 4;
    %store/vec4 v0x5fbbccf24620_0, 0, 4;
    %pushi/vec4 5, 0, 4;
    %store/vec4 v0x5fbbccf76f60_0, 0, 4;
    %load/vec4 v0x5fbbccf24620_0;
    %load/vec4 v0x5fbbccf76f60_0;
    %cmp/e;
    %flag_get/vec4 4;
    %vpi_call 2 19 "$display", "The '==' of two operands a: %b , b: %b is y:%b", v0x5fbbccf24620_0, v0x5fbbccf76f60_0, S<0,vec4,u1> {1 0 0};
    %load/vec4 v0x5fbbccf24620_0;
    %load/vec4 v0x5fbbccf76f60_0;
    %cmp/e;
    %flag_get/vec4 6;
    %vpi_call 2 20 "$display", "The '===' of two operands a: %b , b: %b is y:%b", v0x5fbbccf24620_0, v0x5fbbccf76f60_0, S<0,vec4,u1> {1 0 0};
    %pushi/vec4 5, 4, 4;
    %store/vec4 v0x5fbbccf24620_0, 0, 4;
    %pushi/vec4 5, 4, 4;
    %store/vec4 v0x5fbbccf76f60_0, 0, 4;
    %load/vec4 v0x5fbbccf24620_0;
    %load/vec4 v0x5fbbccf76f60_0;
    %cmp/e;
    %flag_get/vec4 4;
    %vpi_call 2 22 "$display", "The '==' of two operands a: %b , b: %b is y:%b", v0x5fbbccf24620_0, v0x5fbbccf76f60_0, S<0,vec4,u1> {1 0 0};
    %load/vec4 v0x5fbbccf24620_0;
    %load/vec4 v0x5fbbccf76f60_0;
    %cmp/e;
    %flag_get/vec4 6;
    %vpi_call 2 23 "$display", "The '===' of two operands a: %b , b: %b is y:%b", v0x5fbbccf24620_0, v0x5fbbccf76f60_0, S<0,vec4,u1> {1 0 0};
    %pushi/vec4 1, 4, 4;
    %store/vec4 v0x5fbbccf24620_0, 0, 4;
    %pushi/vec4 5, 4, 4;
    %store/vec4 v0x5fbbccf76f60_0, 0, 4;
    %load/vec4 v0x5fbbccf24620_0;
    %load/vec4 v0x5fbbccf76f60_0;
    %cmp/e;
    %flag_get/vec4 4;
    %vpi_call 2 25 "$display", "The '==' of two operands a: %b , b: %b is y:%b", v0x5fbbccf24620_0, v0x5fbbccf76f60_0, S<0,vec4,u1> {1 0 0};
    %load/vec4 v0x5fbbccf24620_0;
    %load/vec4 v0x5fbbccf76f60_0;
    %cmp/e;
    %flag_get/vec4 6;
    %vpi_call 2 26 "$display", "The '===' of two operands a: %b , b: %b is y:%b", v0x5fbbccf24620_0, v0x5fbbccf76f60_0, S<0,vec4,u1> {1 0 0};
    %pushi/vec4 5, 4, 4;
    %store/vec4 v0x5fbbccf24620_0, 0, 4;
    %pushi/vec4 1, 4, 4;
    %store/vec4 v0x5fbbccf76f60_0, 0, 4;
    %load/vec4 v0x5fbbccf24620_0;
    %load/vec4 v0x5fbbccf76f60_0;
    %cmp/e;
    %flag_get/vec4 4;
    %vpi_call 2 28 "$display", "The '==' of two operands a: %b , b: %b is y:%b", v0x5fbbccf24620_0, v0x5fbbccf76f60_0, S<0,vec4,u1> {1 0 0};
    %load/vec4 v0x5fbbccf24620_0;
    %load/vec4 v0x5fbbccf76f60_0;
    %cmp/e;
    %flag_get/vec4 6;
    %vpi_call 2 29 "$display", "The '===' of two operands a: %b , b: %b is y:%b", v0x5fbbccf24620_0, v0x5fbbccf76f60_0, S<0,vec4,u1> {1 0 0};
    %pushi/vec4 1, 4, 4;
    %store/vec4 v0x5fbbccf24620_0, 0, 4;
    %pushi/vec4 1, 4, 4;
    %store/vec4 v0x5fbbccf76f60_0, 0, 4;
    %load/vec4 v0x5fbbccf24620_0;
    %load/vec4 v0x5fbbccf76f60_0;
    %cmp/e;
    %flag_get/vec4 4;
    %vpi_call 2 31 "$display", "The '==' of two operands a: %b , b: %b is y:%b", v0x5fbbccf24620_0, v0x5fbbccf76f60_0, S<0,vec4,u1> {1 0 0};
    %load/vec4 v0x5fbbccf24620_0;
    %load/vec4 v0x5fbbccf76f60_0;
    %cmp/e;
    %flag_get/vec4 6;
    %vpi_call 2 32 "$display", "The '===' of two operands a: %b , b: %b is y:%b", v0x5fbbccf24620_0, v0x5fbbccf76f60_0, S<0,vec4,u1> {1 0 0};
    %end;
    .thread T_0;
# The file index is used to find the file name in the following table.
:file_names 3;
    "N/A";
    "<interactive>";
    "operators1.v";
