#! /usr/bin/vvp
:ivl_version "12.0 (stable)";
:ivl_delay_selection "TYPICAL";
:vpi_time_precision + 0;
:vpi_module "/usr/lib/x86_64-linux-gnu/ivl/system.vpi";
:vpi_module "/usr/lib/x86_64-linux-gnu/ivl/vhdl_sys.vpi";
:vpi_module "/usr/lib/x86_64-linux-gnu/ivl/vhdl_textio.vpi";
:vpi_module "/usr/lib/x86_64-linux-gnu/ivl/v2005_math.vpi";
:vpi_module "/usr/lib/x86_64-linux-gnu/ivl/va_math.vpi";
S_0x605c3adea790 .scope module, "test_fk1" "test_fk1" 2 2;
 .timescale 0 0;
v0x605c3adee9e0_0 .var/i "a", 31 0;
v0x605c3ae13c00_0 .var/i "b", 31 0;
v0x605c3ae13ce0_0 .var/i "c", 31 0;
    .scope S_0x605c3adea790;
T_0 ;
    %pushi/vec4 5, 0, 32;
    %store/vec4 v0x605c3adee9e0_0, 0, 32;
    %delay 5, 0;
    %pushi/vec4 6, 0, 32;
    %store/vec4 v0x605c3ae13c00_0, 0, 32;
    %delay 4, 0;
    %pushi/vec4 2, 0, 32;
    %store/vec4 v0x605c3ae13ce0_0, 0, 32;
    %vpi_call 2 10 "$display", "Initial block BEFORE fork @ %0t", $time {0 0 0};
    %vpi_call 2 11 "$display", "Values: a = %0d, b = %0d, c = %0d", v0x605c3adee9e0_0, v0x605c3ae13c00_0, v0x605c3ae13ce0_0 {0 0 0};
    %fork t_1, S_0x605c3adea790;
    %fork t_2, S_0x605c3adea790;
    %fork t_3, S_0x605c3adea790;
    %fork t_4, S_0x605c3adea790;
    %fork t_5, S_0x605c3adea790;
    %fork t_6, S_0x605c3adea790;
    %join;
    %join;
    %join;
    %join;
    %join;
    %join;
    %jmp t_0;
t_1 ;
    %vpi_call 2 16 "$display", "-> Fork block STARTS at @ %0t", $time {0 0 0};
    %end;
t_2 ;
    %pushi/vec4 1, 0, 32;
    %store/vec4 v0x605c3adee9e0_0, 0, 32;
    %vpi_call 2 22 "$display", "a assigned in fork @ %0t", $time {0 0 0};
    %end;
t_3 ;
    %delay 5, 0;
    %pushi/vec4 2, 0, 32;
    %store/vec4 v0x605c3ae13c00_0, 0, 32;
    %vpi_call 2 28 "$display", "b assigned after 5 units @ %0t", $time {0 0 0};
    %end;
t_4 ;
    %delay 4, 0;
    %pushi/vec4 3, 0, 32;
    %store/vec4 v0x605c3ae13ce0_0, 0, 32;
    %vpi_call 2 34 "$display", "c assigned after 4 units @ %0t", $time {0 0 0};
    %end;
t_5 ;
    %delay 6, 0;
    %vpi_call 2 39 "$display", "AFTER FORK (delayed 6): a = %0d, b = %0d, c = %0d @ %0t", v0x605c3adee9e0_0, v0x605c3ae13c00_0, v0x605c3ae13ce0_0, $time {0 0 0};
    %end;
t_6 ;
    %delay 7, 0;
    %vpi_call 2 44 "$display", "-> Fork block ENDS at @ %0t", $time {0 0 0};
    %end;
    .scope S_0x605c3adea790;
t_0 ;
    %vpi_call 2 48 "$display", ">> After fork-join block: a = %0d, b = %0d, c = %0d @ %0t", v0x605c3adee9e0_0, v0x605c3ae13c00_0, v0x605c3ae13ce0_0, $time {0 0 0};
    %end;
    .thread T_0;
# The file index is used to find the file name in the following table.
:file_names 3;
    "N/A";
    "<interactive>";
    "fk1.v";
